process=20588, parent=10376
Dr. Memory version 1.11.0 build 2 built on Aug 29 2016 02:37:30
start time: 0:00:00.000 == 00:00:00.000 01/01/1601
Recorded 3 suppression(s) from default /Users/mateusz/Desktop/DrMemory-MacOS-1.11.0-2/bin/suppress-default.txt
new thread #0 id=936132

module load event: "myapp" 0x000b5000-0x000bd000 modid: 1 /Users/mateusz/Desktop/AiSD_prorityQueue/myapp

module load event: "libdrpreload.dylib" 0x000bf000-0x000d0000 modid: 2 /Users/mateusz/Desktop/DrMemory-MacOS-1.11.0-2/dynamorio/lib32/release/libdrpreload.dylib

module load event: "dyld" 0x00182000-0x001fa000 modid: 3 /usr/lib/dyld
WARNING: assuming operator new is non-placement in dyld @0x001a1f10
WARNING: assuming operator new[] is non-placement in dyld @0x001a1f94

module load event: "libdynamorio.dylib" 0x001fa000-0x00391000 modid: 4 /Users/mateusz/Desktop/DrMemory-MacOS-1.11.0-2/dynamorio/lib32/release/libdynamorio.dylib

module load event: "libdrmemorylib.1.11.0.dylib" 0x00391000-0x00502000 modid: 5 /Users/mateusz/Desktop/DrMemory-MacOS-1.11.0-2/bin/release/libdrmemorylib.dylib

module load event: "libSystem.B.dylib" 0x9e494000-0xac9b4000 modid: 6 /usr/lib/libSystem.B.dylib

module load event: "libauto.dylib" 0x9e608000-0xac9b4000 modid: 7 /usr/lib/libauto.dylib

module load event: "libc++.1.dylib" 0x9e628000-0xac9b4000 modid: 8 /usr/lib/libc++.1.dylib
WARNING: assuming operator new[] is non-placement in libc++.1.dylib @0x9e6407a7
WARNING: assuming operator new[] is non-placement in libc++.1.dylib @0x9e6407c3
WARNING: assuming operator new is non-placement in libc++.1.dylib @0x9e6407df
WARNING: assuming operator new is non-placement in libc++.1.dylib @0x9e6407fb
WARNING: assuming operator delete is non-placement in libc++.1.dylib @0x9e665994
WARNING: assuming operator delete[] is non-placement in libc++.1.dylib @0x9e66599d

module load event: "libc++abi.dylib" 0x9e67f000-0xac9b4000 modid: 9 /usr/lib/libc++abi.dylib
WARNING: assuming operator new is non-placement in libc++abi.dylib @0x9e69d620
WARNING: assuming operator new is non-placement in libc++abi.dylib @0x9e69d6a3
WARNING: assuming operator new[] is non-placement in libc++abi.dylib @0x9e69d6e4
WARNING: assuming operator new[] is non-placement in libc++abi.dylib @0x9e69d6e9

module load event: "libobjc.A.dylib" 0x9ef28000-0xac9b4000 modid: 10 /usr/lib/libobjc.A.dylib

module load event: "libcache.dylib" 0x9f6ce000-0xac9b4000 modid: 11 /usr/lib/system/libcache.dylib

module load event: "libcommonCrypto.dylib" 0x9f6d3000-0xac9b4000 modid: 12 /usr/lib/system/libcommonCrypto.dylib

module load event: "libcompiler_rt.dylib" 0x9f6de000-0xac9b4000 modid: 13 /usr/lib/system/libcompiler_rt.dylib

module load event: "libcopyfile.dylib" 0x9f6e4000-0xac9b4000 modid: 14 /usr/lib/system/libcopyfile.dylib

module load event: "libcorecrypto.dylib" 0x9f6ed000-0xac9b4000 modid: 15 /usr/lib/system/libcorecrypto.dylib

module load event: "libdispatch.dylib" 0x9f754000-0xac9b4000 modid: 16 /usr/lib/system/libdispatch.dylib

module load event: "libdyld.dylib" 0x9f783000-0xac9b4000 modid: 17 /usr/lib/system/libdyld.dylib

module load event: "libkeymgr.dylib" 0x9f789000-0xac9b4000 modid: 18 /usr/lib/system/libkeymgr.dylib

module load event: "liblaunch.dylib" 0x9f797000-0xac9b4000 modid: 19 /usr/lib/system/liblaunch.dylib

module load event: "libmacho.dylib" 0x9f798000-0xac9b4000 modid: 20 /usr/lib/system/libmacho.dylib

module load event: "libquarantine.dylib" 0x9f79f000-0xac9b4000 modid: 21 /usr/lib/system/libquarantine.dylib

module load event: "libremovefile.dylib" 0x9f7a2000-0xac9b4000 modid: 22 /usr/lib/system/libremovefile.dylib

module load event: "libsystem_asl.dylib" 0x9f7a4000-0xac9b4000 modid: 23 /usr/lib/system/libsystem_asl.dylib

module load event: "libsystem_blocks.dylib" 0x9f7bc000-0xac9b4000 modid: 24 /usr/lib/system/libsystem_blocks.dylib

module load event: "libsystem_c.dylib" 0x9f7bd000-0xac9b4000 modid: 25 /usr/lib/system/libsystem_c.dylib

module load event: "libsystem_configuration.dylib" 0x9f84c000-0xac9b4000 modid: 26 /usr/lib/system/libsystem_configuration.dylib

module load event: "libsystem_coreservices.dylib" 0x9f850000-0xac9b4000 modid: 27 /usr/lib/system/libsystem_coreservices.dylib

module load event: "libsystem_coretls.dylib" 0x9f854000-0xac9b4000 modid: 28 /usr/lib/system/libsystem_coretls.dylib

module load event: "libsystem_dnssd.dylib" 0x9f86d000-0xac9b4000 modid: 29 /usr/lib/system/libsystem_dnssd.dylib

module load event: "libsystem_info.dylib" 0x9f874000-0xac9b4000 modid: 30 /usr/lib/system/libsystem_info.dylib

module load event: "libsystem_kernel.dylib" 0x9f89c000-0xac9b4000 modid: 31 /usr/lib/system/libsystem_kernel.dylib

module load event: "libsystem_m.dylib" 0x9f8be000-0xac9b4000 modid: 32 /usr/lib/system/libsystem_m.dylib

module load event: "libsystem_malloc.dylib" 0x9f90b000-0xac9b4000 modid: 33 /usr/lib/system/libsystem_malloc.dylib

module load event: "libsystem_network.dylib" 0x9f926000-0xac9b4000 modid: 34 /usr/lib/system/libsystem_network.dylib

module load event: "libsystem_networkextension.dylib" 0x9f97a000-0xac9b4000 modid: 35 /usr/lib/system/libsystem_networkextension.dylib

module load event: "libsystem_notify.dylib" 0x9f984000-0xac9b4000 modid: 36 /usr/lib/system/libsystem_notify.dylib

module load event: "libsystem_platform.dylib" 0x9f98d000-0xac9b4000 modid: 37 /usr/lib/system/libsystem_platform.dylib

module load event: "libsystem_pthread.dylib" 0x9f994000-0xac9b4000 modid: 38 /usr/lib/system/libsystem_pthread.dylib

module load event: "libsystem_sandbox.dylib" 0x9f99e000-0xac9b4000 modid: 39 /usr/lib/system/libsystem_sandbox.dylib

module load event: "libsystem_secinit.dylib" 0x9f9a2000-0xac9b4000 modid: 40 /usr/lib/system/libsystem_secinit.dylib

module load event: "libsystem_symptoms.dylib" 0x9f9a4000-0xac9b4000 modid: 41 /usr/lib/system/libsystem_symptoms.dylib

module load event: "libsystem_trace.dylib" 0x9f9ac000-0xac9b4000 modid: 42 /usr/lib/system/libsystem_trace.dylib

module load event: "libunwind.dylib" 0x9f9cd000-0xac9b4000 modid: 43 /usr/lib/system/libunwind.dylib

module load event: "libxpc.dylib" 0x9f9d4000-0xac9b4000 modid: 44 /usr/lib/system/libxpc.dylib
WARNING: unhandled system calls found

DUPLICATE ERROR COUNTS:

SUPPRESSIONS USED:

NO ERRORS FOUND:
      0 unique,     0 total unaddressable access(es)
      0 unique,     0 total uninitialized access(es)
      0 unique,     0 total invalid heap argument(s)
      0 unique,     0 total warning(s)
      0 unique,     0 total,      0 byte(s) of leak(s)
      0 unique,     0 total,      0 byte(s) of possible leak(s)
ERRORS IGNORED:
    111 ignored assumed-innocuous system leak(s)
      1 unique,     1 total,   4096 byte(s) of still-reachable allocation(s)
         (re-run with "-show_reachable" for details)
Details: /Users/mateusz/Desktop/DrMemory-MacOS-1.11.0-2/drmemory/logs/DrMemory-myapp.20588.000/results.txt

DUPLICATE POTENTIAL ERROR COUNTS:

NO POTENTIAL ERRORS FOUND:
      0 unique,     0 total potential unaddressable access(es)
      0 unique,     0 total potential uninitialized access(es)
      0 unique,     0 total potential invalid heap argument(s)
      0 unique,     0 total potential warning(s)
      0 unique,     0 total,      0 byte(s) of potential leak(s)
      0 unique,     0 total,      0 byte(s) of potential possible leak(s)
Details: /Users/mateusz/Desktop/DrMemory-MacOS-1.11.0-2/drmemory/logs/DrMemory-myapp.20588.000/potential_errors.txt
Exiting ‰0:00:00.000 in thread 936132
LOG END
