process=1788, parent=596
Dr. Memory version 1.11.0 build 2 built on Aug 29 2016 02:37:30
start time: 0:00:00.000 == 00:00:00.000 01/01/1601
Recorded 3 suppression(s) from default /Users/mateusz/Downloads/DrMemory-MacOS-1.11.0-2/bin/suppress-default.txt
new thread #0 id=16680

module load event: "myapp" 0x000d1000-0x000d6000 modid: 1 /Users/mateusz/Downloads/myapp

module load event: "libdrpreload.dylib" 0x000d8000-0x000e9000 modid: 2 /Users/mateusz/Downloads/DrMemory-MacOS-1.11.0-2/dynamorio/lib32/release/libdrpreload.dylib

module load event: "dyld" 0x001bb000-0x00233000 modid: 3 /usr/lib/dyld
WARNING: assuming operator new is non-placement in dyld @0x001daf10
WARNING: assuming operator new[] is non-placement in dyld @0x001daf94

module load event: "libdynamorio.dylib" 0x00233000-0x003ca000 modid: 4 /Users/mateusz/Downloads/DrMemory-MacOS-1.11.0-2/dynamorio/lib32/release/libdynamorio.dylib

module load event: "libdrmemorylib.1.11.0.dylib" 0x003ca000-0x0053b000 modid: 5 /Users/mateusz/Downloads/DrMemory-MacOS-1.11.0-2/bin/release/libdrmemorylib.dylib

module load event: "libSystem.B.dylib" 0x9e491000-0xac9b0000 modid: 6 /usr/lib/libSystem.B.dylib

module load event: "libauto.dylib" 0x9e605000-0xac9b0000 modid: 7 /usr/lib/libauto.dylib

module load event: "libc++.1.dylib" 0x9e625000-0xac9b0000 modid: 8 /usr/lib/libc++.1.dylib
WARNING: assuming operator new[] is non-placement in libc++.1.dylib @0x9e63d7a7
WARNING: assuming operator new[] is non-placement in libc++.1.dylib @0x9e63d7c3
WARNING: assuming operator new is non-placement in libc++.1.dylib @0x9e63d7df
WARNING: assuming operator new is non-placement in libc++.1.dylib @0x9e63d7fb
WARNING: assuming operator delete is non-placement in libc++.1.dylib @0x9e662994
WARNING: assuming operator delete[] is non-placement in libc++.1.dylib @0x9e66299d

module load event: "libc++abi.dylib" 0x9e67c000-0xac9b0000 modid: 9 /usr/lib/libc++abi.dylib
WARNING: assuming operator new is non-placement in libc++abi.dylib @0x9e69a620
WARNING: assuming operator new is non-placement in libc++abi.dylib @0x9e69a6a3
WARNING: assuming operator new[] is non-placement in libc++abi.dylib @0x9e69a6e4
WARNING: assuming operator new[] is non-placement in libc++abi.dylib @0x9e69a6e9

module load event: "libobjc.A.dylib" 0x9ef25000-0xac9b0000 modid: 10 /usr/lib/libobjc.A.dylib

module load event: "libcache.dylib" 0x9f6cb000-0xac9b0000 modid: 11 /usr/lib/system/libcache.dylib

module load event: "libcommonCrypto.dylib" 0x9f6d0000-0xac9b0000 modid: 12 /usr/lib/system/libcommonCrypto.dylib

module load event: "libcompiler_rt.dylib" 0x9f6db000-0xac9b0000 modid: 13 /usr/lib/system/libcompiler_rt.dylib

module load event: "libcopyfile.dylib" 0x9f6e1000-0xac9b0000 modid: 14 /usr/lib/system/libcopyfile.dylib

module load event: "libcorecrypto.dylib" 0x9f6ea000-0xac9b0000 modid: 15 /usr/lib/system/libcorecrypto.dylib

module load event: "libdispatch.dylib" 0x9f751000-0xac9b0000 modid: 16 /usr/lib/system/libdispatch.dylib

module load event: "libdyld.dylib" 0x9f780000-0xac9b0000 modid: 17 /usr/lib/system/libdyld.dylib

module load event: "libkeymgr.dylib" 0x9f786000-0xac9b0000 modid: 18 /usr/lib/system/libkeymgr.dylib

module load event: "liblaunch.dylib" 0x9f794000-0xac9b0000 modid: 19 /usr/lib/system/liblaunch.dylib

module load event: "libmacho.dylib" 0x9f795000-0xac9b0000 modid: 20 /usr/lib/system/libmacho.dylib

module load event: "libquarantine.dylib" 0x9f79c000-0xac9b0000 modid: 21 /usr/lib/system/libquarantine.dylib

module load event: "libremovefile.dylib" 0x9f79f000-0xac9b0000 modid: 22 /usr/lib/system/libremovefile.dylib

module load event: "libsystem_asl.dylib" 0x9f7a1000-0xac9b0000 modid: 23 /usr/lib/system/libsystem_asl.dylib

module load event: "libsystem_blocks.dylib" 0x9f7b9000-0xac9b0000 modid: 24 /usr/lib/system/libsystem_blocks.dylib

module load event: "libsystem_c.dylib" 0x9f7ba000-0xac9b0000 modid: 25 /usr/lib/system/libsystem_c.dylib

module load event: "libsystem_configuration.dylib" 0x9f849000-0xac9b0000 modid: 26 /usr/lib/system/libsystem_configuration.dylib

module load event: "libsystem_coreservices.dylib" 0x9f84d000-0xac9b0000 modid: 27 /usr/lib/system/libsystem_coreservices.dylib

module load event: "libsystem_coretls.dylib" 0x9f851000-0xac9b0000 modid: 28 /usr/lib/system/libsystem_coretls.dylib

module load event: "libsystem_dnssd.dylib" 0x9f86a000-0xac9b0000 modid: 29 /usr/lib/system/libsystem_dnssd.dylib

module load event: "libsystem_info.dylib" 0x9f871000-0xac9b0000 modid: 30 /usr/lib/system/libsystem_info.dylib

module load event: "libsystem_kernel.dylib" 0x9f899000-0xac9b0000 modid: 31 /usr/lib/system/libsystem_kernel.dylib

module load event: "libsystem_m.dylib" 0x9f8bb000-0xac9b0000 modid: 32 /usr/lib/system/libsystem_m.dylib

module load event: "libsystem_malloc.dylib" 0x9f908000-0xac9b0000 modid: 33 /usr/lib/system/libsystem_malloc.dylib

module load event: "libsystem_network.dylib" 0x9f923000-0xac9b0000 modid: 34 /usr/lib/system/libsystem_network.dylib

module load event: "libsystem_networkextension.dylib" 0x9f977000-0xac9b0000 modid: 35 /usr/lib/system/libsystem_networkextension.dylib

module load event: "libsystem_notify.dylib" 0x9f981000-0xac9b0000 modid: 36 /usr/lib/system/libsystem_notify.dylib

module load event: "libsystem_platform.dylib" 0x9f98a000-0xac9b0000 modid: 37 /usr/lib/system/libsystem_platform.dylib

module load event: "libsystem_pthread.dylib" 0x9f991000-0xac9b0000 modid: 38 /usr/lib/system/libsystem_pthread.dylib

module load event: "libsystem_sandbox.dylib" 0x9f99b000-0xac9b0000 modid: 39 /usr/lib/system/libsystem_sandbox.dylib

module load event: "libsystem_secinit.dylib" 0x9f99f000-0xac9b0000 modid: 40 /usr/lib/system/libsystem_secinit.dylib

module load event: "libsystem_symptoms.dylib" 0x9f9a1000-0xac9b0000 modid: 41 /usr/lib/system/libsystem_symptoms.dylib

module load event: "libsystem_trace.dylib" 0x9f9a9000-0xac9b0000 modid: 42 /usr/lib/system/libsystem_trace.dylib

module load event: "libunwind.dylib" 0x9f9ca000-0xac9b0000 modid: 43 /usr/lib/system/libunwind.dylib

module load event: "libxpc.dylib" 0x9f9d1000-0xac9b0000 modid: 44 /usr/lib/system/libxpc.dylib
WARNING: unhandled system calls found

Error #1: POSSIBLE LEAK 40 direct bytes 0x0053c140-0x0053c168 + 0 indirect bytes
# 0 replace_malloc              (0x003fb2c0 <libdrmemorylib.1.11.0.dylib+0x312c0>) modid:5
# 1 stworzWektor [//Users/mateusz/Downloads/file.cpp:301] (0x000d2980 <myapp+0x1980>) modid:1
# 2 znajdzRozkladQR [//Users/mateusz/Downloads/file.cpp:389] (0x000d2cfe <myapp+0x1cfe>) modid:1
# 3 znajdzWektoryIWartosciWlasne [//Users/mateusz/Downloads/file.cpp:408] (0x000d2e3b <myapp+0x1e3b>) modid:1
# 4 zapiszDoTablicyWektoryOrazWartosci [//Users/mateusz/Downloads/file.cpp:423] (0x000d1c3d <myapp+0xc3d>) modid:1
# 5 main  [//Users/mateusz/Downloads/file.cpp:64] (0x000d19a2 <myapp+0x9a2>) modid:1
	error end

Error #2: LEAK 24 direct bytes 0x0053c190-0x0053c1a8 + 0 indirect bytes
# 0 replace_malloc              (0x003fb2c0 <libdrmemorylib.1.11.0.dylib+0x312c0>) modid:5
# 1 main  [//Users/mateusz/Downloads/file.cpp:52] (0x000d1756 <myapp+0x756>) modid:1
	error end

Error #3: POSSIBLE LEAK 40 direct bytes 0x0053d1e8-0x0053d210 + 0 indirect bytes
# 0 replace_malloc              (0x003fb2c0 <libdrmemorylib.1.11.0.dylib+0x312c0>) modid:5
# 1 stworzWektor [//Users/mateusz/Downloads/file.cpp:301] (0x000d2980 <myapp+0x1980>) modid:1
# 2 sprowadzDoProstszejPostaci [//Users/mateusz/Downloads/file.cpp:351] (0x000d1a54 <myapp+0xa54>) modid:1
# 3 main  [//Users/mateusz/Downloads/file.cpp:60] (0x000d1940 <myapp+0x940>) modid:1
	error end

Error #4: POSSIBLE LEAK 40 direct bytes 0x0053d278-0x0053d2a0 + 0 indirect bytes
# 0 replace_malloc              (0x003fb2c0 <libdrmemorylib.1.11.0.dylib+0x312c0>) modid:5
# 1 wektorRazySkalar [//Users/mateusz/Downloads/file.cpp:121] (0x000d1fa1 <myapp+0xfa1>) modid:1
# 2 obliczWektorU [//Users/mateusz/Downloads/file.cpp:190] (0x000d2399 <myapp+0x1399>) modid:1
# 3 sprowadzDoProstszejPostaci [//Users/mateusz/Downloads/file.cpp:352] (0x000d1a6f <myapp+0xa6f>) modid:1
# 4 main  [//Users/mateusz/Downloads/file.cpp:60] (0x000d1940 <myapp+0x940>) modid:1
	error end

Error #5: POSSIBLE LEAK 40 direct bytes 0x0053d308-0x0053d330 + 0 indirect bytes
# 0 replace_malloc              (0x003fb2c0 <libdrmemorylib.1.11.0.dylib+0x312c0>) modid:5
# 1 wektorRazySkalar [//Users/mateusz/Downloads/file.cpp:121] (0x000d1fa1 <myapp+0xfa1>) modid:1
# 2 obliczWektorU [//Users/mateusz/Downloads/file.cpp:193] (0x000d240a <myapp+0x140a>) modid:1
# 3 sprowadzDoProstszejPostaci [//Users/mateusz/Downloads/file.cpp:352] (0x000d1a6f <myapp+0xa6f>) modid:1
# 4 main  [//Users/mateusz/Downloads/file.cpp:60] (0x000d1940 <myapp+0x940>) modid:1
	error end

Error #6: POSSIBLE LEAK 40 direct bytes 0x0053d350-0x0053d378 + 200 indirect bytes
# 0 replace_malloc              (0x003fb2c0 <libdrmemorylib.1.11.0.dylib+0x312c0>) modid:5
# 1 wygenerujMacierzJedynkowa [//Users/mateusz/Downloads/file.cpp:234] (0x000d2603 <myapp+0x1603>) modid:1
# 2 obliczMacierzHouseholdera [//Users/mateusz/Downloads/file.cpp:296] (0x000d28e7 <myapp+0x18e7>) modid:1
# 3 sprowadzDoProstszejPostaci [//Users/mateusz/Downloads/file.cpp:353] (0x000d1a8a <myapp+0xa8a>) modid:1
# 4 main  [//Users/mateusz/Downloads/file.cpp:60] (0x000d1940 <myapp+0x940>) modid:1
	error end

Error #7: LEAK 40 direct bytes 0x0053d500-0x0053d528 + 200 indirect bytes
# 0 replace_malloc              (0x003fb2c0 <libdrmemorylib.1.11.0.dylib+0x312c0>) modid:5
# 1 wektorRazyWektorTransponowany [//Users/mateusz/Downloads/file.cpp:198] (0x000d2446 <myapp+0x1446>) modid:1
# 2 obliczMacierzHouseholdera [//Users/mateusz/Downloads/file.cpp:296] (0x000d2903 <myapp+0x1903>) modid:1
# 3 sprowadzDoProstszejPostaci [//Users/mateusz/Downloads/file.cpp:353] (0x000d1a8a <myapp+0xa8a>) modid:1
# 4 main  [//Users/mateusz/Downloads/file.cpp:60] (0x000d1940 <myapp+0x940>) modid:1
	error end

Error #8: POSSIBLE LEAK 40 direct bytes 0x0053d6b0-0x0053d6d8 + 200 indirect bytes
# 0 replace_malloc              (0x003fb2c0 <libdrmemorylib.1.11.0.dylib+0x312c0>) modid:5
# 1 macierzRazySkalar [//Users/mateusz/Downloads/file.cpp:277] (0x000d280a <myapp+0x180a>) modid:1
# 2 obliczMacierzHouseholdera [//Users/mateusz/Downloads/file.cpp:296] (0x000d2923 <myapp+0x1923>) modid:1
# 3 sprowadzDoProstszejPostaci [//Users/mateusz/Downloads/file.cpp:353] (0x000d1a8a <myapp+0xa8a>) modid:1
# 4 main  [//Users/mateusz/Downloads/file.cpp:60] (0x000d1940 <myapp+0x940>) modid:1
	error end

Error #9: LEAK 40 direct bytes 0x0053d860-0x0053d888 + 200 indirect bytes
# 0 replace_malloc              (0x003fb2c0 <libdrmemorylib.1.11.0.dylib+0x312c0>) modid:5
# 1 macierzMinusMacierz [//Users/mateusz/Downloads/file.cpp:216] (0x000d2526 <myapp+0x1526>) modid:1
# 2 obliczMacierzHouseholdera [//Users/mateusz/Downloads/file.cpp:296] (0x000d2939 <myapp+0x1939>) modid:1
# 3 sprowadzDoProstszejPostaci [//Users/mateusz/Downloads/file.cpp:353] (0x000d1a8a <myapp+0xa8a>) modid:1
# 4 main  [//Users/mateusz/Downloads/file.cpp:60] (0x000d1940 <myapp+0x940>) modid:1
	error end

Error #10: POSSIBLE LEAK 48 direct bytes 0x0053da10-0x0053da40 + 288 indirect bytes
# 0 replace_malloc              (0x003fb2c0 <libdrmemorylib.1.11.0.dylib+0x312c0>) modid:5
# 1 macierzKwadratowaOWiekszymWymiarzeZMacierzKwadratwej [//Users/mateusz/Downloads/file.cpp:314] (0x000d2a27 <myapp+0x1a27>) modid:1
# 2 sprowadzDoProstszejPostaci [//Users/mateusz/Downloads/file.cpp:354] (0x000d1aac <myapp+0xaac>) modid:1
# 3 main  [//Users/mateusz/Downloads/file.cpp:60] (0x000d1940 <myapp+0x940>) modid:1
	error end

Error #11: LEAK 48 direct bytes 0x0053dc40-0x0053dc70 + 288 indirect bytes
# 0 replace_malloc              (0x003fb2c0 <libdrmemorylib.1.11.0.dylib+0x312c0>) modid:5
# 1 macierzRazymacierz [//Users/mateusz/Downloads/file.cpp:253] (0x000d26e6 <myapp+0x16e6>) modid:1
# 2 sprowadzDoProstszejPostaci [//Users/mateusz/Downloads/file.cpp:355] (0x000d1ac8 <myapp+0xac8>) modid:1
# 3 main  [//Users/mateusz/Downloads/file.cpp:60] (0x000d1940 <myapp+0x940>) modid:1
	error end

Error #12: POSSIBLE LEAK 48 direct bytes 0x0053de70-0x0053dea0 + 288 indirect bytes
# 0 replace_malloc              (0x003fb2c0 <libdrmemorylib.1.11.0.dylib+0x312c0>) modid:5
# 1 macierzRazymacierz [//Users/mateusz/Downloads/file.cpp:253] (0x000d26e6 <myapp+0x16e6>) modid:1
# 2 sprowadzDoProstszejPostaci [//Users/mateusz/Downloads/file.cpp:356] (0x000d1ae4 <myapp+0xae4>) modid:1
# 3 main  [//Users/mateusz/Downloads/file.cpp:60] (0x000d1940 <myapp+0x940>) modid:1
	error end

Error #13: LEAK 32 direct bytes 0x0053e120-0x0053e140 + 0 indirect bytes
# 0 replace_malloc              (0x003fb2c0 <libdrmemorylib.1.11.0.dylib+0x312c0>) modid:5
# 1 wektorRazySkalar [//Users/mateusz/Downloads/file.cpp:121] (0x000d1fa1 <myapp+0xfa1>) modid:1
# 2 obliczWektorU [//Users/mateusz/Downloads/file.cpp:190] (0x000d2399 <myapp+0x1399>) modid:1
# 3 sprowadzDoProstszejPostaci [//Users/mateusz/Downloads/file.cpp:352] (0x000d1a6f <myapp+0xa6f>) modid:1
# 4 main  [//Users/mateusz/Downloads/file.cpp:60] (0x000d1940 <myapp+0x940>) modid:1
	error end

Error #14: POSSIBLE LEAK 32 direct bytes 0x0053e320-0x0053e340 + 96 indirect bytes
# 0 replace_malloc              (0x003fb2c0 <libdrmemorylib.1.11.0.dylib+0x312c0>) modid:5
# 1 wektorRazyWektorTransponowany [//Users/mateusz/Downloads/file.cpp:198] (0x000d2446 <myapp+0x1446>) modid:1
# 2 obliczMacierzHouseholdera [//Users/mateusz/Downloads/file.cpp:296] (0x000d2903 <myapp+0x1903>) modid:1
# 3 sprowadzDoProstszejPostaci [//Users/mateusz/Downloads/file.cpp:353] (0x000d1a8a <myapp+0xa8a>) modid:1
# 4 main  [//Users/mateusz/Downloads/file.cpp:60] (0x000d1940 <myapp+0x940>) modid:1
	error end

Error #15: LEAK 32 direct bytes 0x0053e460-0x0053e480 + 128 indirect bytes
# 0 replace_malloc              (0x003fb2c0 <libdrmemorylib.1.11.0.dylib+0x312c0>) modid:5
# 1 macierzRazySkalar [//Users/mateusz/Downloads/file.cpp:277] (0x000d280a <myapp+0x180a>) modid:1
# 2 obliczMacierzHouseholdera [//Users/mateusz/Downloads/file.cpp:296] (0x000d2923 <myapp+0x1923>) modid:1
# 3 sprowadzDoProstszejPostaci [//Users/mateusz/Downloads/file.cpp:353] (0x000d1a8a <myapp+0xa8a>) modid:1
# 4 main  [//Users/mateusz/Downloads/file.cpp:60] (0x000d1940 <myapp+0x940>) modid:1
	error end

Error #16: POSSIBLE LEAK 32 direct bytes 0x0053e5a0-0x0053e5c0 + 128 indirect bytes
# 0 replace_malloc              (0x003fb2c0 <libdrmemorylib.1.11.0.dylib+0x312c0>) modid:5
# 1 macierzMinusMacierz [//Users/mateusz/Downloads/file.cpp:216] (0x000d2526 <myapp+0x1526>) modid:1
# 2 obliczMacierzHouseholdera [//Users/mateusz/Downloads/file.cpp:296] (0x000d2939 <myapp+0x1939>) modid:1
# 3 sprowadzDoProstszejPostaci [//Users/mateusz/Downloads/file.cpp:353] (0x000d1a8a <myapp+0xa8a>) modid:1
# 4 main  [//Users/mateusz/Downloads/file.cpp:60] (0x000d1940 <myapp+0x940>) modid:1
	error end

Error #17: POSSIBLE LEAK 48 direct bytes 0x0053e910-0x0053e940 + 240 indirect bytes
# 0 replace_malloc              (0x003fb2c0 <libdrmemorylib.1.11.0.dylib+0x312c0>) modid:5
# 1 macierzRazymacierz [//Users/mateusz/Downloads/file.cpp:253] (0x000d26e6 <myapp+0x16e6>) modid:1
# 2 sprowadzDoProstszejPostaci [//Users/mateusz/Downloads/file.cpp:355] (0x000d1ac8 <myapp+0xac8>) modid:1
# 3 main  [//Users/mateusz/Downloads/file.cpp:60] (0x000d1940 <myapp+0x940>) modid:1
	error end

Error #18: LEAK 24 direct bytes 0x0053ee50-0x0053ee68 + 0 indirect bytes
# 0 replace_malloc              (0x003fb2c0 <libdrmemorylib.1.11.0.dylib+0x312c0>) modid:5
# 1 wektorRazySkalar [//Users/mateusz/Downloads/file.cpp:121] (0x000d1fa1 <myapp+0xfa1>) modid:1
# 2 obliczWektorU [//Users/mateusz/Downloads/file.cpp:193] (0x000d240a <myapp+0x140a>) modid:1
# 3 sprowadzDoProstszejPostaci [//Users/mateusz/Downloads/file.cpp:352] (0x000d1a6f <myapp+0xa6f>) modid:1
# 4 main  [//Users/mateusz/Downloads/file.cpp:60] (0x000d1940 <myapp+0x940>) modid:1
	error end

Error #19: LEAK 24 direct bytes 0x0053ee88-0x0053eea0 + 72 indirect bytes
# 0 replace_malloc              (0x003fb2c0 <libdrmemorylib.1.11.0.dylib+0x312c0>) modid:5
# 1 wygenerujMacierzJedynkowa [//Users/mateusz/Downloads/file.cpp:234] (0x000d2603 <myapp+0x1603>) modid:1
# 2 obliczMacierzHouseholdera [//Users/mateusz/Downloads/file.cpp:296] (0x000d28e7 <myapp+0x18e7>) modid:1
# 3 sprowadzDoProstszejPostaci [//Users/mateusz/Downloads/file.cpp:353] (0x000d1a8a <myapp+0xa8a>) modid:1
# 4 main  [//Users/mateusz/Downloads/file.cpp:60] (0x000d1940 <myapp+0x940>) modid:1
	error end

Error #20: LEAK 48 direct bytes 0x0053f208-0x0053f238 + 288 indirect bytes
# 0 replace_malloc              (0x003fb2c0 <libdrmemorylib.1.11.0.dylib+0x312c0>) modid:5
# 1 macierzKwadratowaOWiekszymWymiarzeZMacierzKwadratwej [//Users/mateusz/Downloads/file.cpp:314] (0x000d2a27 <myapp+0x1a27>) modid:1
# 2 sprowadzDoProstszejPostaci [//Users/mateusz/Downloads/file.cpp:354] (0x000d1aac <myapp+0xaac>) modid:1
# 3 main  [//Users/mateusz/Downloads/file.cpp:60] (0x000d1940 <myapp+0x940>) modid:1
	error end

Error #21: LEAK 16 direct bytes 0x0053f8c8-0x0053f8d8 + 0 indirect bytes
# 0 replace_malloc              (0x003fb2c0 <libdrmemorylib.1.11.0.dylib+0x312c0>) modid:5
# 1 stworzWektor [//Users/mateusz/Downloads/file.cpp:301] (0x000d2980 <myapp+0x1980>) modid:1
# 2 znajdzRozkladQR [//Users/mateusz/Downloads/file.cpp:389] (0x000d2cfe <myapp+0x1cfe>) modid:1
# 3 znajdzWektoryIWartosciWlasne [//Users/mateusz/Downloads/file.cpp:408] (0x000d2e3b <myapp+0x1e3b>) modid:1
# 4 zapiszDoTablicyWektoryOrazWartosci [//Users/mateusz/Downloads/file.cpp:423] (0x000d1c3d <myapp+0xc3d>) modid:1
# 5 main  [//Users/mateusz/Downloads/file.cpp:64] (0x000d19a2 <myapp+0x9a2>) modid:1
	error end

Error #22: POSSIBLE LEAK 24 direct bytes 0x005404b0-0x005404c8 + 72 indirect bytes
# 0 replace_malloc              (0x003fb2c0 <libdrmemorylib.1.11.0.dylib+0x312c0>) modid:5
# 1 zapiszDoTablicyWektoryOrazWartosci [//Users/mateusz/Downloads/file.cpp:416] (0x000d1bd0 <myapp+0xbd0>) modid:1
# 2 main  [//Users/mateusz/Downloads/file.cpp:64] (0x000d19a2 <myapp+0x9a2>) modid:1
	error end

Error #23: POSSIBLE LEAK 48 direct bytes 0x00540518-0x00540548 + 0 indirect bytes
# 0 replace_malloc              (0x003fb2c0 <libdrmemorylib.1.11.0.dylib+0x312c0>) modid:5
# 1 zapiszDoTablicyWektoryOrazWartosci [//Users/mateusz/Downloads/file.cpp:420] (0x000d1c11 <myapp+0xc11>) modid:1
# 2 main  [//Users/mateusz/Downloads/file.cpp:64] (0x000d19a2 <myapp+0x9a2>) modid:1
	error end

Error #24: POSSIBLE LEAK 8 direct bytes 0x005407e8-0x005407f0 + 96 indirect bytes
# 0 replace_malloc              (0x003fb2c0 <libdrmemorylib.1.11.0.dylib+0x312c0>) modid:5
# 1 znajdzWektoryIWartosciWlasne [//Users/mateusz/Downloads/file.cpp:402] (0x000d2df6 <myapp+0x1df6>) modid:1
# 2 zapiszDoTablicyWektoryOrazWartosci [//Users/mateusz/Downloads/file.cpp:423] (0x000d1c3d <myapp+0xc3d>) modid:1
# 3 main  [//Users/mateusz/Downloads/file.cpp:64] (0x000d19a2 <myapp+0x9a2>) modid:1
	error end

Error #25: POSSIBLE LEAK 48 direct bytes 0x00540810-0x00540840 + 288 indirect bytes
# 0 replace_malloc              (0x003fb2c0 <libdrmemorylib.1.11.0.dylib+0x312c0>) modid:5
# 1 wygenerujMacierzJedynkowa [//Users/mateusz/Downloads/file.cpp:234] (0x000d2603 <myapp+0x1603>) modid:1
# 2 znajdzWektoryIWartosciWlasne [//Users/mateusz/Downloads/file.cpp:404] (0x000d2e0d <myapp+0x1e0d>) modid:1
# 3 zapiszDoTablicyWektoryOrazWartosci [//Users/mateusz/Downloads/file.cpp:423] (0x000d1c3d <myapp+0xc3d>) modid:1
# 4 main  [//Users/mateusz/Downloads/file.cpp:64] (0x000d19a2 <myapp+0x9a2>) modid:1
	error end

Error #26: POSSIBLE LEAK 8 direct bytes 0x00540a40-0x00540a48 + 672 indirect bytes
# 0 replace_malloc              (0x003fb2c0 <libdrmemorylib.1.11.0.dylib+0x312c0>) modid:5
# 1 znajdzRozkladQR [//Users/mateusz/Downloads/file.cpp:384] (0x000d2ca7 <myapp+0x1ca7>) modid:1
# 2 znajdzWektoryIWartosciWlasne [//Users/mateusz/Downloads/file.cpp:408] (0x000d2e3b <myapp+0x1e3b>) modid:1
# 3 zapiszDoTablicyWektoryOrazWartosci [//Users/mateusz/Downloads/file.cpp:423] (0x000d1c3d <myapp+0xc3d>) modid:1
# 4 main  [//Users/mateusz/Downloads/file.cpp:64] (0x000d19a2 <myapp+0x9a2>) modid:1
	error end

Error #27: POSSIBLE LEAK 48 direct bytes 0x00540a68-0x00540a98 + 288 indirect bytes
# 0 replace_malloc              (0x003fb2c0 <libdrmemorylib.1.11.0.dylib+0x312c0>) modid:5
# 1 wygenerujMacierzJedynkowa [//Users/mateusz/Downloads/file.cpp:234] (0x000d2603 <myapp+0x1603>) modid:1
# 2 znajdzRozkladQR [//Users/mateusz/Downloads/file.cpp:386] (0x000d2cbe <myapp+0x1cbe>) modid:1
# 3 znajdzWektoryIWartosciWlasne [//Users/mateusz/Downloads/file.cpp:408] (0x000d2e3b <myapp+0x1e3b>) modid:1
# 4 zapiszDoTablicyWektoryOrazWartosci [//Users/mateusz/Downloads/file.cpp:423] (0x000d1c3d <myapp+0xc3d>) modid:1
# 5 main  [//Users/mateusz/Downloads/file.cpp:64] (0x000d19a2 <myapp+0x9a2>) modid:1
	error end

Error #28: LEAK 16 direct bytes 0x00540ce8-0x00540cf8 + 32 indirect bytes
# 0 replace_malloc              (0x003fb2c0 <libdrmemorylib.1.11.0.dylib+0x312c0>) modid:5
# 1 wygenerujMacierzJedynkowa [//Users/mateusz/Downloads/file.cpp:234] (0x000d2603 <myapp+0x1603>) modid:1
# 2 obliczMacierzHouseholdera [//Users/mateusz/Downloads/file.cpp:296] (0x000d28e7 <myapp+0x18e7>) modid:1
# 3 znajdzRozkladQR [//Users/mateusz/Downloads/file.cpp:391] (0x000d2d2e <myapp+0x1d2e>) modid:1
# 4 znajdzWektoryIWartosciWlasne [//Users/mateusz/Downloads/file.cpp:408] (0x000d2e3b <myapp+0x1e3b>) modid:1
# 5 zapiszDoTablicyWektoryOrazWartosci [//Users/mateusz/Downloads/file.cpp:423] (0x000d1c3d <myapp+0xc3d>) modid:1
# 6 main  [//Users/mateusz/Downloads/file.cpp:64] (0x000d19a2 <myapp+0x9a2>) modid:1
	error end

Error #29: POSSIBLE LEAK 48 direct bytes 0x00540d38-0x00540d68 + 0 indirect bytes
# 0 replace_malloc              (0x003fb2c0 <libdrmemorylib.1.11.0.dylib+0x312c0>) modid:5
# 1 wektorRazySkalar [//Users/mateusz/Downloads/file.cpp:121] (0x000d1fa1 <myapp+0xfa1>) modid:1
# 2 obliczWektorU [//Users/mateusz/Downloads/file.cpp:190] (0x000d2399 <myapp+0x1399>) modid:1
# 3 znajdzRozkladQR [//Users/mateusz/Downloads/file.cpp:390] (0x000d2d16 <myapp+0x1d16>) modid:1
# 4 znajdzWektoryIWartosciWlasne [//Users/mateusz/Downloads/file.cpp:408] (0x000d2e3b <myapp+0x1e3b>) modid:1
# 5 zapiszDoTablicyWektoryOrazWartosci [//Users/mateusz/Downloads/file.cpp:423] (0x000d1c3d <myapp+0xc3d>) modid:1
# 6 main  [//Users/mateusz/Downloads/file.cpp:64] (0x000d19a2 <myapp+0x9a2>) modid:1
	error end

Error #30: LEAK 48 direct bytes 0x00540dd8-0x00540e08 + 0 indirect bytes
# 0 replace_malloc              (0x003fb2c0 <libdrmemorylib.1.11.0.dylib+0x312c0>) modid:5
# 1 wektorRazySkalar [//Users/mateusz/Downloads/file.cpp:121] (0x000d1fa1 <myapp+0xfa1>) modid:1
# 2 obliczWektorU [//Users/mateusz/Downloads/file.cpp:193] (0x000d240a <myapp+0x140a>) modid:1
# 3 znajdzRozkladQR [//Users/mateusz/Downloads/file.cpp:390] (0x000d2d16 <myapp+0x1d16>) modid:1
# 4 znajdzWektoryIWartosciWlasne [//Users/mateusz/Downloads/file.cpp:408] (0x000d2e3b <myapp+0x1e3b>) modid:1
# 5 zapiszDoTablicyWektoryOrazWartosci [//Users/mateusz/Downloads/file.cpp:423] (0x000d1c3d <myapp+0xc3d>) modid:1
# 6 main  [//Users/mateusz/Downloads/file.cpp:64] (0x000d19a2 <myapp+0x9a2>) modid:1
	error end

Error #31: POSSIBLE LEAK 48 direct bytes 0x00541058-0x00541088 + 240 indirect bytes
# 0 replace_malloc              (0x003fb2c0 <libdrmemorylib.1.11.0.dylib+0x312c0>) modid:5
# 1 wektorRazyWektorTransponowany [//Users/mateusz/Downloads/file.cpp:198] (0x000d2446 <myapp+0x1446>) modid:1
# 2 obliczMacierzHouseholdera [//Users/mateusz/Downloads/file.cpp:296] (0x000d2903 <myapp+0x1903>) modid:1
# 3 znajdzRozkladQR [//Users/mateusz/Downloads/file.cpp:391] (0x000d2d2e <myapp+0x1d2e>) modid:1
# 4 znajdzWektoryIWartosciWlasne [//Users/mateusz/Downloads/file.cpp:408] (0x000d2e3b <myapp+0x1e3b>) modid:1
# 5 zapiszDoTablicyWektoryOrazWartosci [//Users/mateusz/Downloads/file.cpp:423] (0x000d1c3d <myapp+0xc3d>) modid:1
# 6 main  [//Users/mateusz/Downloads/file.cpp:64] (0x000d19a2 <myapp+0x9a2>) modid:1
	error end

Error #32: LEAK 48 direct bytes 0x00541288-0x005412b8 + 288 indirect bytes
# 0 replace_malloc              (0x003fb2c0 <libdrmemorylib.1.11.0.dylib+0x312c0>) modid:5
# 1 macierzRazySkalar [//Users/mateusz/Downloads/file.cpp:277] (0x000d280a <myapp+0x180a>) modid:1
# 2 obliczMacierzHouseholdera [//Users/mateusz/Downloads/file.cpp:296] (0x000d2923 <myapp+0x1923>) modid:1
# 3 znajdzRozkladQR [//Users/mateusz/Downloads/file.cpp:391] (0x000d2d2e <myapp+0x1d2e>) modid:1
# 4 znajdzWektoryIWartosciWlasne [//Users/mateusz/Downloads/file.cpp:408] (0x000d2e3b <myapp+0x1e3b>) modid:1
# 5 zapiszDoTablicyWektoryOrazWartosci [//Users/mateusz/Downloads/file.cpp:423] (0x000d1c3d <myapp+0xc3d>) modid:1
# 6 main  [//Users/mateusz/Downloads/file.cpp:64] (0x000d19a2 <myapp+0x9a2>) modid:1
	error end

Error #33: POSSIBLE LEAK 48 direct bytes 0x005414b8-0x005414e8 + 288 indirect bytes
# 0 replace_malloc              (0x003fb2c0 <libdrmemorylib.1.11.0.dylib+0x312c0>) modid:5
# 1 macierzMinusMacierz [//Users/mateusz/Downloads/file.cpp:216] (0x000d2526 <myapp+0x1526>) modid:1
# 2 obliczMacierzHouseholdera [//Users/mateusz/Downloads/file.cpp:296] (0x000d2939 <myapp+0x1939>) modid:1
# 3 znajdzRozkladQR [//Users/mateusz/Downloads/file.cpp:391] (0x000d2d2e <myapp+0x1d2e>) modid:1
# 4 znajdzWektoryIWartosciWlasne [//Users/mateusz/Downloads/file.cpp:408] (0x000d2e3b <myapp+0x1e3b>) modid:1
# 5 zapiszDoTablicyWektoryOrazWartosci [//Users/mateusz/Downloads/file.cpp:423] (0x000d1c3d <myapp+0xc3d>) modid:1
# 6 main  [//Users/mateusz/Downloads/file.cpp:64] (0x000d19a2 <myapp+0x9a2>) modid:1
	error end

Error #34: LEAK 48 direct bytes 0x005416e8-0x00541718 + 288 indirect bytes
# 0 replace_malloc              (0x003fb2c0 <libdrmemorylib.1.11.0.dylib+0x312c0>) modid:5
# 1 macierzRazymacierz [//Users/mateusz/Downloads/file.cpp:253] (0x000d26e6 <myapp+0x16e6>) modid:1
# 2 znajdzRozkladQR [//Users/mateusz/Downloads/file.cpp:393] (0x000d2d6c <myapp+0x1d6c>) modid:1
# 3 znajdzWektoryIWartosciWlasne [//Users/mateusz/Downloads/file.cpp:408] (0x000d2e3b <myapp+0x1e3b>) modid:1
# 4 zapiszDoTablicyWektoryOrazWartosci [//Users/mateusz/Downloads/file.cpp:423] (0x000d1c3d <myapp+0xc3d>) modid:1
# 5 main  [//Users/mateusz/Downloads/file.cpp:64] (0x000d19a2 <myapp+0x9a2>) modid:1
	error end

Error #35: POSSIBLE LEAK 48 direct bytes 0x00541918-0x00541948 + 288 indirect bytes
# 0 replace_malloc              (0x003fb2c0 <libdrmemorylib.1.11.0.dylib+0x312c0>) modid:5
# 1 macierzRazymacierz [//Users/mateusz/Downloads/file.cpp:253] (0x000d26e6 <myapp+0x16e6>) modid:1
# 2 znajdzRozkladQR [//Users/mateusz/Downloads/file.cpp:394] (0x000d2d8d <myapp+0x1d8d>) modid:1
# 3 znajdzWektoryIWartosciWlasne [//Users/mateusz/Downloads/file.cpp:408] (0x000d2e3b <myapp+0x1e3b>) modid:1
# 4 zapiszDoTablicyWektoryOrazWartosci [//Users/mateusz/Downloads/file.cpp:423] (0x000d1c3d <myapp+0xc3d>) modid:1
# 5 main  [//Users/mateusz/Downloads/file.cpp:64] (0x000d19a2 <myapp+0x9a2>) modid:1
	error end

Error #36: LEAK 40 direct bytes 0x00541bd8-0x00541c00 + 0 indirect bytes
# 0 replace_malloc              (0x003fb2c0 <libdrmemorylib.1.11.0.dylib+0x312c0>) modid:5
# 1 wektorRazySkalar [//Users/mateusz/Downloads/file.cpp:121] (0x000d1fa1 <myapp+0xfa1>) modid:1
# 2 obliczWektorU [//Users/mateusz/Downloads/file.cpp:190] (0x000d2399 <myapp+0x1399>) modid:1
# 3 znajdzRozkladQR [//Users/mateusz/Downloads/file.cpp:390] (0x000d2d16 <myapp+0x1d16>) modid:1
# 4 znajdzWektoryIWartosciWlasne [//Users/mateusz/Downloads/file.cpp:408] (0x000d2e3b <myapp+0x1e3b>) modid:1
# 5 zapiszDoTablicyWektoryOrazWartosci [//Users/mateusz/Downloads/file.cpp:423] (0x000d1c3d <myapp+0xc3d>) modid:1
# 6 main  [//Users/mateusz/Downloads/file.cpp:64] (0x000d19a2 <myapp+0x9a2>) modid:1
	error end

Error #37: POSSIBLE LEAK 48 direct bytes 0x00542370-0x005423a0 + 288 indirect bytes
# 0 replace_malloc              (0x003fb2c0 <libdrmemorylib.1.11.0.dylib+0x312c0>) modid:5
# 1 macierzKwadratowaOWiekszymWymiarzeZMacierzKwadratwej [//Users/mateusz/Downloads/file.cpp:314] (0x000d2a27 <myapp+0x1a27>) modid:1
# 2 znajdzRozkladQR [//Users/mateusz/Downloads/file.cpp:392] (0x000d2d4d <myapp+0x1d4d>) modid:1
# 3 znajdzWektoryIWartosciWlasne [//Users/mateusz/Downloads/file.cpp:408] (0x000d2e3b <myapp+0x1e3b>) modid:1
# 4 zapiszDoTablicyWektoryOrazWartosci [//Users/mateusz/Downloads/file.cpp:423] (0x000d1c3d <myapp+0xc3d>) modid:1
# 5 main  [//Users/mateusz/Downloads/file.cpp:64] (0x000d19a2 <myapp+0x9a2>) modid:1
	error end

Error #38: POSSIBLE LEAK 48 direct bytes 0x005425a0-0x005425d0 + 288 indirect bytes
# 0 replace_malloc              (0x003fb2c0 <libdrmemorylib.1.11.0.dylib+0x312c0>) modid:5
# 1 macierzRazymacierz [//Users/mateusz/Downloads/file.cpp:253] (0x000d26e6 <myapp+0x16e6>) modid:1
# 2 znajdzRozkladQR [//Users/mateusz/Downloads/file.cpp:393] (0x000d2d6c <myapp+0x1d6c>) modid:1
# 3 znajdzWektoryIWartosciWlasne [//Users/mateusz/Downloads/file.cpp:408] (0x000d2e3b <myapp+0x1e3b>) modid:1
# 4 zapiszDoTablicyWektoryOrazWartosci [//Users/mateusz/Downloads/file.cpp:423] (0x000d1c3d <myapp+0xc3d>) modid:1
# 5 main  [//Users/mateusz/Downloads/file.cpp:64] (0x000d19a2 <myapp+0x9a2>) modid:1
	error end

Error #39: POSSIBLE LEAK 32 direct bytes 0x00542b00-0x00542b20 + 0 indirect bytes
# 0 replace_malloc              (0x003fb2c0 <libdrmemorylib.1.11.0.dylib+0x312c0>) modid:5
# 1 wektorRazySkalar [//Users/mateusz/Downloads/file.cpp:121] (0x000d1fa1 <myapp+0xfa1>) modid:1
# 2 obliczWektorU [//Users/mateusz/Downloads/file.cpp:193] (0x000d240a <myapp+0x140a>) modid:1
# 3 znajdzRozkladQR [//Users/mateusz/Downloads/file.cpp:390] (0x000d2d16 <myapp+0x1d16>) modid:1
# 4 znajdzWektoryIWartosciWlasne [//Users/mateusz/Downloads/file.cpp:408] (0x000d2e3b <myapp+0x1e3b>) modid:1
# 5 zapiszDoTablicyWektoryOrazWartosci [//Users/mateusz/Downloads/file.cpp:423] (0x000d1c3d <myapp+0xc3d>) modid:1
# 6 main  [//Users/mateusz/Downloads/file.cpp:64] (0x000d19a2 <myapp+0x9a2>) modid:1
	error end

Error #40: POSSIBLE LEAK 32 direct bytes 0x00542b40-0x00542b60 + 128 indirect bytes
# 0 replace_malloc              (0x003fb2c0 <libdrmemorylib.1.11.0.dylib+0x312c0>) modid:5
# 1 wygenerujMacierzJedynkowa [//Users/mateusz/Downloads/file.cpp:234] (0x000d2603 <myapp+0x1603>) modid:1
# 2 obliczMacierzHouseholdera [//Users/mateusz/Downloads/file.cpp:296] (0x000d28e7 <myapp+0x18e7>) modid:1
# 3 znajdzRozkladQR [//Users/mateusz/Downloads/file.cpp:391] (0x000d2d2e <myapp+0x1d2e>) modid:1
# 4 znajdzWektoryIWartosciWlasne [//Users/mateusz/Downloads/file.cpp:408] (0x000d2e3b <myapp+0x1e3b>) modid:1
# 5 zapiszDoTablicyWektoryOrazWartosci [//Users/mateusz/Downloads/file.cpp:423] (0x000d1c3d <myapp+0xc3d>) modid:1
# 6 main  [//Users/mateusz/Downloads/file.cpp:64] (0x000d19a2 <myapp+0x9a2>) modid:1
	error end

Error #41: LEAK 32 direct bytes 0x00542c80-0x00542ca0 + 128 indirect bytes
# 0 replace_malloc              (0x003fb2c0 <libdrmemorylib.1.11.0.dylib+0x312c0>) modid:5
# 1 wektorRazyWektorTransponowany [//Users/mateusz/Downloads/file.cpp:198] (0x000d2446 <myapp+0x1446>) modid:1
# 2 obliczMacierzHouseholdera [//Users/mateusz/Downloads/file.cpp:296] (0x000d2903 <myapp+0x1903>) modid:1
# 3 znajdzRozkladQR [//Users/mateusz/Downloads/file.cpp:391] (0x000d2d2e <myapp+0x1d2e>) modid:1
# 4 znajdzWektoryIWartosciWlasne [//Users/mateusz/Downloads/file.cpp:408] (0x000d2e3b <myapp+0x1e3b>) modid:1
# 5 zapiszDoTablicyWektoryOrazWartosci [//Users/mateusz/Downloads/file.cpp:423] (0x000d1c3d <myapp+0xc3d>) modid:1
# 6 main  [//Users/mateusz/Downloads/file.cpp:64] (0x000d19a2 <myapp+0x9a2>) modid:1
	error end

Error #42: POSSIBLE LEAK 32 direct bytes 0x00542dc0-0x00542de0 + 128 indirect bytes
# 0 replace_malloc              (0x003fb2c0 <libdrmemorylib.1.11.0.dylib+0x312c0>) modid:5
# 1 macierzRazySkalar [//Users/mateusz/Downloads/file.cpp:277] (0x000d280a <myapp+0x180a>) modid:1
# 2 obliczMacierzHouseholdera [//Users/mateusz/Downloads/file.cpp:296] (0x000d2923 <myapp+0x1923>) modid:1
# 3 znajdzRozkladQR [//Users/mateusz/Downloads/file.cpp:391] (0x000d2d2e <myapp+0x1d2e>) modid:1
# 4 znajdzWektoryIWartosciWlasne [//Users/mateusz/Downloads/file.cpp:408] (0x000d2e3b <myapp+0x1e3b>) modid:1
# 5 zapiszDoTablicyWektoryOrazWartosci [//Users/mateusz/Downloads/file.cpp:423] (0x000d1c3d <myapp+0xc3d>) modid:1
# 6 main  [//Users/mateusz/Downloads/file.cpp:64] (0x000d19a2 <myapp+0x9a2>) modid:1
	error end

Error #43: LEAK 24 direct bytes 0x00543a88-0x00543aa0 + 72 indirect bytes
# 0 replace_malloc              (0x003fb2c0 <libdrmemorylib.1.11.0.dylib+0x312c0>) modid:5
# 1 macierzMinusMacierz [//Users/mateusz/Downloads/file.cpp:216] (0x000d2526 <myapp+0x1526>) modid:1
# 2 obliczMacierzHouseholdera [//Users/mateusz/Downloads/file.cpp:296] (0x000d2939 <myapp+0x1939>) modid:1
# 3 znajdzRozkladQR [//Users/mateusz/Downloads/file.cpp:391] (0x000d2d2e <myapp+0x1d2e>) modid:1
# 4 znajdzWektoryIWartosciWlasne [//Users/mateusz/Downloads/file.cpp:408] (0x000d2e3b <myapp+0x1e3b>) modid:1
# 5 zapiszDoTablicyWektoryOrazWartosci [//Users/mateusz/Downloads/file.cpp:423] (0x000d1c3d <myapp+0xc3d>) modid:1
# 6 main  [//Users/mateusz/Downloads/file.cpp:64] (0x000d19a2 <myapp+0x9a2>) modid:1
	error end

Error #44: POSSIBLE LEAK 48 direct bytes 0x00544de8-0x00544e18 + 288 indirect bytes
# 0 replace_malloc              (0x003fb2c0 <libdrmemorylib.1.11.0.dylib+0x312c0>) modid:5
# 1 macierzRazymacierz [//Users/mateusz/Downloads/file.cpp:253] (0x000d26e6 <myapp+0x16e6>) modid:1
# 2 znajdzWektoryIWartosciWlasne [//Users/mateusz/Downloads/file.cpp:409] (0x000d2e5b <myapp+0x1e5b>) modid:1
# 3 zapiszDoTablicyWektoryOrazWartosci [//Users/mateusz/Downloads/file.cpp:423] (0x000d1c3d <myapp+0xc3d>) modid:1
# 4 main  [//Users/mateusz/Downloads/file.cpp:64] (0x000d19a2 <myapp+0x9a2>) modid:1
	error end

Error #45: LEAK 48 direct bytes 0x00545018-0x00545048 + 288 indirect bytes
# 0 replace_malloc              (0x003fb2c0 <libdrmemorylib.1.11.0.dylib+0x312c0>) modid:5
# 1 macierzRazymacierz [//Users/mateusz/Downloads/file.cpp:253] (0x000d26e6 <myapp+0x16e6>) modid:1
# 2 znajdzWektoryIWartosciWlasne [//Users/mateusz/Downloads/file.cpp:410] (0x000d2e7e <myapp+0x1e7e>) modid:1
# 3 zapiszDoTablicyWektoryOrazWartosci [//Users/mateusz/Downloads/file.cpp:423] (0x000d1c3d <myapp+0xc3d>) modid:1
# 4 main  [//Users/mateusz/Downloads/file.cpp:64] (0x000d19a2 <myapp+0x9a2>) modid:1
	error end

Error #46: POSSIBLE LEAK 48 direct bytes 0x00548fb0-0x00548fe0 + 0 indirect bytes
# 0 replace_malloc              (0x003fb2c0 <libdrmemorylib.1.11.0.dylib+0x312c0>) modid:5
# 1 macierzRazymacierz [//Users/mateusz/Downloads/file.cpp:256] (0x000d270a <myapp+0x170a>) modid:1
# 2 znajdzRozkladQR [//Users/mateusz/Downloads/file.cpp:393] (0x000d2d6c <myapp+0x1d6c>) modid:1
# 3 znajdzWektoryIWartosciWlasne [//Users/mateusz/Downloads/file.cpp:408] (0x000d2e3b <myapp+0x1e3b>) modid:1
# 4 zapiszDoTablicyWektoryOrazWartosci [//Users/mateusz/Downloads/file.cpp:423] (0x000d1c3d <myapp+0xc3d>) modid:1
# 5 main  [//Users/mateusz/Downloads/file.cpp:64] (0x000d19a2 <myapp+0x9a2>) modid:1
	error end

Error #47: LEAK 48 direct bytes 0x005490a0-0x005490d0 + 0 indirect bytes
# 0 replace_malloc              (0x003fb2c0 <libdrmemorylib.1.11.0.dylib+0x312c0>) modid:5
# 1 macierzRazymacierz [//Users/mateusz/Downloads/file.cpp:256] (0x000d270a <myapp+0x170a>) modid:1
# 2 znajdzRozkladQR [//Users/mateusz/Downloads/file.cpp:393] (0x000d2d6c <myapp+0x1d6c>) modid:1
# 3 znajdzWektoryIWartosciWlasne [//Users/mateusz/Downloads/file.cpp:408] (0x000d2e3b <myapp+0x1e3b>) modid:1
# 4 zapiszDoTablicyWektoryOrazWartosci [//Users/mateusz/Downloads/file.cpp:423] (0x000d1c3d <myapp+0xc3d>) modid:1
# 5 main  [//Users/mateusz/Downloads/file.cpp:64] (0x000d19a2 <myapp+0x9a2>) modid:1
	error end

Error #48: LEAK 48 direct bytes 0x00549410-0x00549440 + 0 indirect bytes
# 0 replace_malloc              (0x003fb2c0 <libdrmemorylib.1.11.0.dylib+0x312c0>) modid:5
# 1 transponujMacierz [//Users/mateusz/Downloads/file.cpp:365] (0x000d2be4 <myapp+0x1be4>) modid:1
# 2 znajdzRozkladQR [//Users/mateusz/Downloads/file.cpp:397] (0x000d2db4 <myapp+0x1db4>) modid:1
# 3 znajdzWektoryIWartosciWlasne [//Users/mateusz/Downloads/file.cpp:408] (0x000d2e3b <myapp+0x1e3b>) modid:1
# 4 zapiszDoTablicyWektoryOrazWartosci [//Users/mateusz/Downloads/file.cpp:423] (0x000d1c3d <myapp+0xc3d>) modid:1
# 5 main  [//Users/mateusz/Downloads/file.cpp:64] (0x000d19a2 <myapp+0x9a2>) modid:1
	error end

Error #49: POSSIBLE LEAK 48 direct bytes 0x005494b0-0x005494e0 + 0 indirect bytes
# 0 replace_malloc              (0x003fb2c0 <libdrmemorylib.1.11.0.dylib+0x312c0>) modid:5
# 1 transponujMacierz [//Users/mateusz/Downloads/file.cpp:365] (0x000d2be4 <myapp+0x1be4>) modid:1
# 2 znajdzRozkladQR [//Users/mateusz/Downloads/file.cpp:397] (0x000d2db4 <myapp+0x1db4>) modid:1
# 3 znajdzWektoryIWartosciWlasne [//Users/mateusz/Downloads/file.cpp:408] (0x000d2e3b <myapp+0x1e3b>) modid:1
# 4 zapiszDoTablicyWektoryOrazWartosci [//Users/mateusz/Downloads/file.cpp:423] (0x000d1c3d <myapp+0xc3d>) modid:1
# 5 main  [//Users/mateusz/Downloads/file.cpp:64] (0x000d19a2 <myapp+0x9a2>) modid:1
	error end

Error #50: LEAK 48 direct bytes 0x005495f0-0x00549620 + 288 indirect bytes
# 0 replace_malloc              (0x003fb2c0 <libdrmemorylib.1.11.0.dylib+0x312c0>) modid:5
# 1 macierzRazymacierz [//Users/mateusz/Downloads/file.cpp:253] (0x000d26e6 <myapp+0x16e6>) modid:1
# 2 znajdzWektoryIWartosciWlasne [//Users/mateusz/Downloads/file.cpp:409] (0x000d2e5b <myapp+0x1e5b>) modid:1
# 3 zapiszDoTablicyWektoryOrazWartosci [//Users/mateusz/Downloads/file.cpp:423] (0x000d1c3d <myapp+0xc3d>) modid:1
# 4 main  [//Users/mateusz/Downloads/file.cpp:64] (0x000d19a2 <myapp+0x9a2>) modid:1
	error end

Error #51: LEAK 8 direct bytes 0x00549a50-0x00549a58 + 48 indirect bytes
# 0 replace_malloc              (0x003fb2c0 <libdrmemorylib.1.11.0.dylib+0x312c0>) modid:5
# 1 znajdzRozkladQR [//Users/mateusz/Downloads/file.cpp:384] (0x000d2ca7 <myapp+0x1ca7>) modid:1
# 2 znajdzWektoryIWartosciWlasne [//Users/mateusz/Downloads/file.cpp:408] (0x000d2e3b <myapp+0x1e3b>) modid:1
# 3 zapiszDoTablicyWektoryOrazWartosci [//Users/mateusz/Downloads/file.cpp:423] (0x000d1c3d <myapp+0xc3d>) modid:1
# 4 main  [//Users/mateusz/Downloads/file.cpp:64] (0x000d19a2 <myapp+0x9a2>) modid:1
	error end

Error #52: LEAK 48 direct bytes 0x00549a78-0x00549aa8 + 288 indirect bytes
# 0 replace_malloc              (0x003fb2c0 <libdrmemorylib.1.11.0.dylib+0x312c0>) modid:5
# 1 wygenerujMacierzJedynkowa [//Users/mateusz/Downloads/file.cpp:234] (0x000d2603 <myapp+0x1603>) modid:1
# 2 znajdzRozkladQR [//Users/mateusz/Downloads/file.cpp:386] (0x000d2cbe <myapp+0x1cbe>) modid:1
# 3 znajdzWektoryIWartosciWlasne [//Users/mateusz/Downloads/file.cpp:408] (0x000d2e3b <myapp+0x1e3b>) modid:1
# 4 zapiszDoTablicyWektoryOrazWartosci [//Users/mateusz/Downloads/file.cpp:423] (0x000d1c3d <myapp+0xc3d>) modid:1
# 5 main  [//Users/mateusz/Downloads/file.cpp:64] (0x000d19a2 <myapp+0x9a2>) modid:1
	error end

Error #53: LEAK 48 direct bytes 0x0054a928-0x0054a958 + 288 indirect bytes
# 0 replace_malloc              (0x003fb2c0 <libdrmemorylib.1.11.0.dylib+0x312c0>) modid:5
# 1 macierzRazymacierz [//Users/mateusz/Downloads/file.cpp:253] (0x000d26e6 <myapp+0x16e6>) modid:1
# 2 znajdzRozkladQR [//Users/mateusz/Downloads/file.cpp:394] (0x000d2d8d <myapp+0x1d8d>) modid:1
# 3 znajdzWektoryIWartosciWlasne [//Users/mateusz/Downloads/file.cpp:408] (0x000d2e3b <myapp+0x1e3b>) modid:1
# 4 zapiszDoTablicyWektoryOrazWartosci [//Users/mateusz/Downloads/file.cpp:423] (0x000d1c3d <myapp+0xc3d>) modid:1
# 5 main  [//Users/mateusz/Downloads/file.cpp:64] (0x000d19a2 <myapp+0x9a2>) modid:1
	error end

Error #54: LEAK 48 direct bytes 0x0054b380-0x0054b3b0 + 288 indirect bytes
# 0 replace_malloc              (0x003fb2c0 <libdrmemorylib.1.11.0.dylib+0x312c0>) modid:5
# 1 macierzKwadratowaOWiekszymWymiarzeZMacierzKwadratwej [//Users/mateusz/Downloads/file.cpp:314] (0x000d2a27 <myapp+0x1a27>) modid:1
# 2 znajdzRozkladQR [//Users/mateusz/Downloads/file.cpp:392] (0x000d2d4d <myapp+0x1d4d>) modid:1
# 3 znajdzWektoryIWartosciWlasne [//Users/mateusz/Downloads/file.cpp:408] (0x000d2e3b <myapp+0x1e3b>) modid:1
# 4 zapiszDoTablicyWektoryOrazWartosci [//Users/mateusz/Downloads/file.cpp:423] (0x000d1c3d <myapp+0xc3d>) modid:1
# 5 main  [//Users/mateusz/Downloads/file.cpp:64] (0x000d19a2 <myapp+0x9a2>) modid:1
	error end

Error #55: POSSIBLE LEAK 48 direct bytes 0x00557038-0x00557068 + 288 indirect bytes
# 0 replace_malloc              (0x003fb2c0 <libdrmemorylib.1.11.0.dylib+0x312c0>) modid:5
# 1 macierzRazymacierz [//Users/mateusz/Downloads/file.cpp:253] (0x000d26e6 <myapp+0x16e6>) modid:1
# 2 znajdzWektoryIWartosciWlasne [//Users/mateusz/Downloads/file.cpp:410] (0x000d2e7e <myapp+0x1e7e>) modid:1
# 3 zapiszDoTablicyWektoryOrazWartosci [//Users/mateusz/Downloads/file.cpp:423] (0x000d1c3d <myapp+0xc3d>) modid:1
# 4 main  [//Users/mateusz/Downloads/file.cpp:64] (0x000d19a2 <myapp+0x9a2>) modid:1
	error end

Reached maximum leak report limit (-report_leak_max). No further leaks will be reported.

DUPLICATE ERROR COUNTS:
	Error #   1:    445
	Error #   3:      4
	Error #   4:      2
	Error #   5:      3
	Error #   6:      3
	Error #   7:      3
	Error #   9:      2
	Error #  10:      2
	Error #  12:      4
	Error #  13:      2
	Error #  15:      3
	Error #  16:      2
	Error #  17:      3
	Error #  21:    218
	Error #  23:      5
	Error #  26:     19
	Error #  27:    115
	Error #  28:    232
	Error #  29:    447
	Error #  30:    224
	Error #  31:    445
	Error #  32:    238
	Error #  33:    424
	Error #  34:     75
	Error #  35:    608
	Error #  36:    215
	Error #  37:    460
	Error #  38:    463
	Error #  39:    445
	Error #  40:    436
	Error #  41:    225
	Error #  42:    431
	Error #  43:    239
	Error #  44:    118
	Error #  45:     14
	Error #  46:    560
	Error #  47:     61
	Error #  48:     67
	Error #  49:    554
	Error #  50:     17
	Error #  51:    109
	Error #  52:     17
	Error #  53:     61
	Error #  54:     64
	Error #  55:    116

SUPPRESSIONS USED:

ERRORS FOUND:
      0 unique,     0 total unaddressable access(es)
      0 unique,     0 total uninitialized access(es)
      0 unique,     0 total invalid heap argument(s)
      0 unique,     0 total warning(s)
     25 unique,  2091 total, 230880 byte(s) of leak(s)
     30 unique,  6119 total, 1077952 byte(s) of possible leak(s)
ERRORS IGNORED:
      0 ignored assumed-innocuous system leak(s)
     39 unique,  1790 total,  79188 byte(s) of still-reachable allocation(s)
         (re-run with "-show_reachable" for details)
   4854 leak(s) beyond -report_leak_max
Details: /Users/mateusz/Downloads/DrMemory-MacOS-1.11.0-2/drmemory/logs/DrMemory-myapp.1788.000/results.txt

DUPLICATE POTENTIAL ERROR COUNTS:

POTENTIAL ERRORS FOUND:
      0 unique,     0 total potential unaddressable access(es)
      0 unique,     0 total potential uninitialized access(es)
      0 unique,     0 total potential invalid heap argument(s)
      0 unique,     0 total potential warning(s)
      0 unique,     0 total,      0 byte(s) of potential leak(s)
      0 unique,     0 total,      0 byte(s) of potential possible leak(s)
Details: /Users/mateusz/Downloads/DrMemory-MacOS-1.11.0-2/drmemory/logs/DrMemory-myapp.1788.000/potential_errors.txt
Exiting ’0:00:00.000 in thread 16680
LOG END
