process=8111, parent=7976
Dr. Memory version 1.11.0 build 2 built on Aug 29 2016 02:37:30
start time: 0:00:00.000 == 00:00:00.000 01/01/1601
Recorded 3 suppression(s) from default /Users/mateusz/Downloads/DrMemory-MacOS-1.11.0-2/bin/suppress-default.txt
new thread #0 id=273420

module load event: "myapp" 0x00078000-0x0007f000 modid: 1 /Users/mateusz/Desktop/myapp

module load event: "libdrpreload.dylib" 0x00082000-0x00093000 modid: 2 /Users/mateusz/Downloads/DrMemory-MacOS-1.11.0-2/dynamorio/lib32/release/libdrpreload.dylib

module load event: "dyld" 0x00170000-0x001e8000 modid: 3 /usr/lib/dyld
WARNING: assuming operator new is non-placement in dyld @0x0018ff10
WARNING: assuming operator new[] is non-placement in dyld @0x0018ff94

module load event: "libdynamorio.dylib" 0x001e8000-0x0037f000 modid: 4 /Users/mateusz/Downloads/DrMemory-MacOS-1.11.0-2/dynamorio/lib32/release/libdynamorio.dylib

module load event: "libdrmemorylib.1.11.0.dylib" 0x0037f000-0x004f0000 modid: 5 /Users/mateusz/Downloads/DrMemory-MacOS-1.11.0-2/bin/release/libdrmemorylib.dylib

module load event: "libSystem.B.dylib" 0x9e491000-0xac9b0000 modid: 6 /usr/lib/libSystem.B.dylib

module load event: "libauto.dylib" 0x9e605000-0xac9b0000 modid: 7 /usr/lib/libauto.dylib

module load event: "libc++.1.dylib" 0x9e625000-0xac9b0000 modid: 8 /usr/lib/libc++.1.dylib
WARNING: assuming operator new[] is non-placement in libc++.1.dylib @0x9e63d7a7
WARNING: assuming operator new[] is non-placement in libc++.1.dylib @0x9e63d7c3
WARNING: assuming operator new is non-placement in libc++.1.dylib @0x9e63d7df
WARNING: assuming operator new is non-placement in libc++.1.dylib @0x9e63d7fb
WARNING: assuming operator delete is non-placement in libc++.1.dylib @0x9e662994
WARNING: assuming operator delete[] is non-placement in libc++.1.dylib @0x9e66299d

module load event: "libc++abi.dylib" 0x9e67c000-0xac9b0000 modid: 9 /usr/lib/libc++abi.dylib
WARNING: assuming operator new is non-placement in libc++abi.dylib @0x9e69a620
WARNING: assuming operator new is non-placement in libc++abi.dylib @0x9e69a6a3
WARNING: assuming operator new[] is non-placement in libc++abi.dylib @0x9e69a6e4
WARNING: assuming operator new[] is non-placement in libc++abi.dylib @0x9e69a6e9

module load event: "libobjc.A.dylib" 0x9ef25000-0xac9b0000 modid: 10 /usr/lib/libobjc.A.dylib

module load event: "libcache.dylib" 0x9f6cb000-0xac9b0000 modid: 11 /usr/lib/system/libcache.dylib

module load event: "libcommonCrypto.dylib" 0x9f6d0000-0xac9b0000 modid: 12 /usr/lib/system/libcommonCrypto.dylib

module load event: "libcompiler_rt.dylib" 0x9f6db000-0xac9b0000 modid: 13 /usr/lib/system/libcompiler_rt.dylib

module load event: "libcopyfile.dylib" 0x9f6e1000-0xac9b0000 modid: 14 /usr/lib/system/libcopyfile.dylib

module load event: "libcorecrypto.dylib" 0x9f6ea000-0xac9b0000 modid: 15 /usr/lib/system/libcorecrypto.dylib

module load event: "libdispatch.dylib" 0x9f751000-0xac9b0000 modid: 16 /usr/lib/system/libdispatch.dylib

module load event: "libdyld.dylib" 0x9f780000-0xac9b0000 modid: 17 /usr/lib/system/libdyld.dylib

module load event: "libkeymgr.dylib" 0x9f786000-0xac9b0000 modid: 18 /usr/lib/system/libkeymgr.dylib

module load event: "liblaunch.dylib" 0x9f794000-0xac9b0000 modid: 19 /usr/lib/system/liblaunch.dylib

module load event: "libmacho.dylib" 0x9f795000-0xac9b0000 modid: 20 /usr/lib/system/libmacho.dylib

module load event: "libquarantine.dylib" 0x9f79c000-0xac9b0000 modid: 21 /usr/lib/system/libquarantine.dylib

module load event: "libremovefile.dylib" 0x9f79f000-0xac9b0000 modid: 22 /usr/lib/system/libremovefile.dylib

module load event: "libsystem_asl.dylib" 0x9f7a1000-0xac9b0000 modid: 23 /usr/lib/system/libsystem_asl.dylib

module load event: "libsystem_blocks.dylib" 0x9f7b9000-0xac9b0000 modid: 24 /usr/lib/system/libsystem_blocks.dylib

module load event: "libsystem_c.dylib" 0x9f7ba000-0xac9b0000 modid: 25 /usr/lib/system/libsystem_c.dylib

module load event: "libsystem_configuration.dylib" 0x9f849000-0xac9b0000 modid: 26 /usr/lib/system/libsystem_configuration.dylib

module load event: "libsystem_coreservices.dylib" 0x9f84d000-0xac9b0000 modid: 27 /usr/lib/system/libsystem_coreservices.dylib

module load event: "libsystem_coretls.dylib" 0x9f851000-0xac9b0000 modid: 28 /usr/lib/system/libsystem_coretls.dylib

module load event: "libsystem_dnssd.dylib" 0x9f86a000-0xac9b0000 modid: 29 /usr/lib/system/libsystem_dnssd.dylib

module load event: "libsystem_info.dylib" 0x9f871000-0xac9b0000 modid: 30 /usr/lib/system/libsystem_info.dylib

module load event: "libsystem_kernel.dylib" 0x9f899000-0xac9b0000 modid: 31 /usr/lib/system/libsystem_kernel.dylib

module load event: "libsystem_m.dylib" 0x9f8bb000-0xac9b0000 modid: 32 /usr/lib/system/libsystem_m.dylib

module load event: "libsystem_malloc.dylib" 0x9f908000-0xac9b0000 modid: 33 /usr/lib/system/libsystem_malloc.dylib

module load event: "libsystem_network.dylib" 0x9f923000-0xac9b0000 modid: 34 /usr/lib/system/libsystem_network.dylib

module load event: "libsystem_networkextension.dylib" 0x9f977000-0xac9b0000 modid: 35 /usr/lib/system/libsystem_networkextension.dylib

module load event: "libsystem_notify.dylib" 0x9f981000-0xac9b0000 modid: 36 /usr/lib/system/libsystem_notify.dylib

module load event: "libsystem_platform.dylib" 0x9f98a000-0xac9b0000 modid: 37 /usr/lib/system/libsystem_platform.dylib

module load event: "libsystem_pthread.dylib" 0x9f991000-0xac9b0000 modid: 38 /usr/lib/system/libsystem_pthread.dylib

module load event: "libsystem_sandbox.dylib" 0x9f99b000-0xac9b0000 modid: 39 /usr/lib/system/libsystem_sandbox.dylib

module load event: "libsystem_secinit.dylib" 0x9f99f000-0xac9b0000 modid: 40 /usr/lib/system/libsystem_secinit.dylib

module load event: "libsystem_symptoms.dylib" 0x9f9a1000-0xac9b0000 modid: 41 /usr/lib/system/libsystem_symptoms.dylib

module load event: "libsystem_trace.dylib" 0x9f9a9000-0xac9b0000 modid: 42 /usr/lib/system/libsystem_trace.dylib

module load event: "libunwind.dylib" 0x9f9ca000-0xac9b0000 modid: 43 /usr/lib/system/libunwind.dylib

module load event: "libxpc.dylib" 0x9f9d1000-0xac9b0000 modid: 44 /usr/lib/system/libxpc.dylib
WARNING: unhandled system calls found

NEW THREAD: main thread 273420

WARNING: stack addressability messed up: stack-internal unaddr!
Error #1: INVALID HEAP ARGUMENT to free 0xbff889a0
# 0 replace_operator_delete     (0x003b0fb0 <libdrmemorylib.1.11.0.dylib+0x31fb0>) modid:5
# 1 WezelSznura::~WezelSznura [/Users/mateusz/Desktop/source.cpp:162] (0x0007a92a <myapp+0x292a>) modid:1
# 2 WezelSznura::~WezelSznura [/Users/mateusz/Desktop/source.cpp:160] (0x0007a8d7 <myapp+0x28d7>) modid:1
# 3 Sznur::~Sznur [/Users/mateusz/Desktop/source.cpp:258] (0x0007a866 <myapp+0x2866>) modid:1
# 4 Sznur::~Sznur [/Users/mateusz/Desktop/source.cpp:250] (0x00079347 <myapp+0x1347>) modid:1
# 5 WezelKompozycji::~WezelKompozycji [/Users/mateusz/Desktop/source.cpp:273] (0x0007a78a <myapp+0x278a>) modid:1
# 6 WezelKompozycji::~WezelKompozycji [/Users/mateusz/Desktop/source.cpp:272] (0x0007a757 <myapp+0x2757>) modid:1
# 7 Kompozycja::~Kompozycja [/Users/mateusz/Desktop/source.cpp:322] (0x0007a701 <myapp+0x2701>) modid:1
# 8 Kompozycja::~Kompozycja [/Users/mateusz/Desktop/source.cpp:314] (0x00079307 <myapp+0x1307>) modid:1
# 9 main  [/Users/mateusz/Desktop/source.cpp:349] (0x00078d1b <myapp+0xd1b>) modid:1
Note: È0:00:00.000 in thread 273420
	error end

Error #2: INVALID HEAP ARGUMENT to free 0x0007aed0
# 0 replace_operator_delete     (0x003b0fb0 <libdrmemorylib.1.11.0.dylib+0x31fb0>) modid:5
# 1 Sznur::~Sznur [/Users/mateusz/Desktop/source.cpp:260] (0x0007a8ad <myapp+0x28ad>) modid:1
# 2 Sznur::~Sznur [/Users/mateusz/Desktop/source.cpp:250] (0x00079347 <myapp+0x1347>) modid:1
# 3 WezelKompozycji::~WezelKompozycji [/Users/mateusz/Desktop/source.cpp:273] (0x0007a78a <myapp+0x278a>) modid:1
# 4 WezelKompozycji::~WezelKompozycji [/Users/mateusz/Desktop/source.cpp:272] (0x0007a757 <myapp+0x2757>) modid:1
# 5 Kompozycja::~Kompozycja [/Users/mateusz/Desktop/source.cpp:322] (0x0007a701 <myapp+0x2701>) modid:1
# 6 Kompozycja::~Kompozycja [/Users/mateusz/Desktop/source.cpp:314] (0x00079307 <myapp+0x1307>) modid:1
# 7 main  [/Users/mateusz/Desktop/source.cpp:349] (0x00078d1b <myapp+0xd1b>) modid:1
Note: ô0:00:00.000 in thread 273420
	error end

Error #3: INVALID HEAP ARGUMENT to free 0xbff88988
# 0 replace_operator_delete     (0x003b0fb0 <libdrmemorylib.1.11.0.dylib+0x31fb0>) modid:5
# 1 WezelKompozycji::~WezelKompozycji [/Users/mateusz/Desktop/source.cpp:273] (0x0007a79a <myapp+0x279a>) modid:1
# 2 WezelKompozycji::~WezelKompozycji [/Users/mateusz/Desktop/source.cpp:272] (0x0007a757 <myapp+0x2757>) modid:1
# 3 Kompozycja::~Kompozycja [/Users/mateusz/Desktop/source.cpp:322] (0x0007a701 <myapp+0x2701>) modid:1
# 4 Kompozycja::~Kompozycja [/Users/mateusz/Desktop/source.cpp:314] (0x00079307 <myapp+0x1307>) modid:1
# 5 main  [/Users/mateusz/Desktop/source.cpp:349] (0x00078d1b <myapp+0xd1b>) modid:1
Note: ù0:00:00.000 in thread 273420
	error end

Error #4: UNADDRESSABLE ACCESS of freed memory: reading 0x004f11f0-0x004f11f4 4 byte(s)
# 0 Sznur::~Sznur [/Users/mateusz/Desktop/source.cpp:253] (0x0007a7e8 <myapp+0x27e8>) modid:1
# 1 Sznur::~Sznur [/Users/mateusz/Desktop/source.cpp:250] (0x00079347 <myapp+0x1347>) modid:1
# 2 main  [/Users/mateusz/Desktop/source.cpp:349] (0x00078d2c <myapp+0xd2c>) modid:1
Note: 0:00:00.000 in thread 273420
Note: next higher malloc: 0x004f1240-0x004f2240
Note: 0x004f11f0-0x004f11f4 overlaps memory 0x004f11f0-0x004f11f8 that was freed here:
Note: # 0 replace_operator_delete     (0x003b0fb0 <libdrmemorylib.1.11.0.dylib+0x31fb0>) modid:5
Note: # 1 Sznur::~Sznur [/Users/mateusz/Desktop/source.cpp:258] (0x0007a876 <myapp+0x2876>) modid:1
Note: # 2 Sznur::~Sznur [/Users/mateusz/Desktop/source.cpp:250] (0x00079347 <myapp+0x1347>) modid:1
Note: # 3 WezelKompozycji::~WezelKompozycji [/Users/mateusz/Desktop/source.cpp:273] (0x0007a78a <myapp+0x278a>) modid:1
Note: # 4 WezelKompozycji::~WezelKompozycji [/Users/mateusz/Desktop/source.cpp:272] (0x0007a757 <myapp+0x2757>) modid:1
Note: # 5 Kompozycja::~Kompozycja [/Users/mateusz/Desktop/source.cpp:322] (0x0007a701 <myapp+0x2701>) modid:1
Note: instruction: cmp    (%eax) $0x00000000
	error end

Error #5: UNADDRESSABLE ACCESS of freed memory: reading 0x004f11f4-0x004f11f8 4 byte(s)
# 0 WezelSznura::~WezelSznura [/Users/mateusz/Desktop/source.cpp:161] (0x0007a8ef <myapp+0x28ef>) modid:1
# 1 WezelSznura::~WezelSznura [/Users/mateusz/Desktop/source.cpp:160] (0x0007a8d7 <myapp+0x28d7>) modid:1
# 2 Sznur::~Sznur [/Users/mateusz/Desktop/source.cpp:258] (0x0007a866 <myapp+0x2866>) modid:1
# 3 Sznur::~Sznur [/Users/mateusz/Desktop/source.cpp:250] (0x00079347 <myapp+0x1347>) modid:1
# 4 main  [/Users/mateusz/Desktop/source.cpp:349] (0x00078d2c <myapp+0xd2c>) modid:1
Note: 0:00:00.000 in thread 273420
Note: next higher malloc: 0x004f1240-0x004f2240
Note: 0x004f11f4-0x004f11f8 overlaps memory 0x004f11f0-0x004f11f8 that was freed here:
Note: # 0 replace_operator_delete     (0x003b0fb0 <libdrmemorylib.1.11.0.dylib+0x31fb0>) modid:5
Note: # 1 Sznur::~Sznur [/Users/mateusz/Desktop/source.cpp:258] (0x0007a876 <myapp+0x2876>) modid:1
Note: # 2 Sznur::~Sznur [/Users/mateusz/Desktop/source.cpp:250] (0x00079347 <myapp+0x1347>) modid:1
Note: # 3 WezelKompozycji::~WezelKompozycji [/Users/mateusz/Desktop/source.cpp:273] (0x0007a78a <myapp+0x278a>) modid:1
Note: # 4 WezelKompozycji::~WezelKompozycji [/Users/mateusz/Desktop/source.cpp:272] (0x0007a757 <myapp+0x2757>) modid:1
Note: # 5 Kompozycja::~Kompozycja [/Users/mateusz/Desktop/source.cpp:322] (0x0007a701 <myapp+0x2701>) modid:1
Note: instruction: cmp    0x04(%eax) $0x00000000
	error end

Error #6: UNADDRESSABLE ACCESS of freed memory: reading 0x004f11f4-0x004f11f8 4 byte(s)
# 0 WezelSznura::~WezelSznura [/Users/mateusz/Desktop/source.cpp:162] (0x0007a8ff <myapp+0x28ff>) modid:1
# 1 WezelSznura::~WezelSznura [/Users/mateusz/Desktop/source.cpp:160] (0x0007a8d7 <myapp+0x28d7>) modid:1
# 2 Sznur::~Sznur [/Users/mateusz/Desktop/source.cpp:258] (0x0007a866 <myapp+0x2866>) modid:1
# 3 Sznur::~Sznur [/Users/mateusz/Desktop/source.cpp:250] (0x00079347 <myapp+0x1347>) modid:1
# 4 main  [/Users/mateusz/Desktop/source.cpp:349] (0x00078d2c <myapp+0xd2c>) modid:1
Note: 0:00:00.000 in thread 273420
Note: next higher malloc: 0x004f1240-0x004f2240
Note: 0x004f11f4-0x004f11f8 overlaps memory 0x004f11f0-0x004f11f8 that was freed here:
Note: # 0 replace_operator_delete     (0x003b0fb0 <libdrmemorylib.1.11.0.dylib+0x31fb0>) modid:5
Note: # 1 Sznur::~Sznur [/Users/mateusz/Desktop/source.cpp:258] (0x0007a876 <myapp+0x2876>) modid:1
Note: # 2 Sznur::~Sznur [/Users/mateusz/Desktop/source.cpp:250] (0x00079347 <myapp+0x1347>) modid:1
Note: # 3 WezelKompozycji::~WezelKompozycji [/Users/mateusz/Desktop/source.cpp:273] (0x0007a78a <myapp+0x278a>) modid:1
Note: # 4 WezelKompozycji::~WezelKompozycji [/Users/mateusz/Desktop/source.cpp:272] (0x0007a757 <myapp+0x2757>) modid:1
Note: # 5 Kompozycja::~Kompozycja [/Users/mateusz/Desktop/source.cpp:322] (0x0007a701 <myapp+0x2701>) modid:1
Note: instruction: mov    0x04(%eax) -> %ecx
	error end

Error #7: UNADDRESSABLE ACCESS of freed memory: reading 0x004f11c8-0x004f11cc 4 byte(s)
# 0 ListaPowiazan::~ListaPowiazan [/Users/mateusz/Desktop/source.cpp:122] (0x0007a9c6 <myapp+0x29c6>) modid:1
# 1 ListaPowiazan::~ListaPowiazan [/Users/mateusz/Desktop/source.cpp:119] (0x0007a997 <myapp+0x2997>) modid:1
# 2 Koralik::~Koralik [/Users/mateusz/Desktop/source.cpp:133] (0x0007a97a <myapp+0x297a>) modid:1
# 3 Koralik::~Koralik [/Users/mateusz/Desktop/source.cpp:133] (0x00079367 <myapp+0x1367>) modid:1
# 4 WezelSznura::~WezelSznura [/Users/mateusz/Desktop/source.cpp:162] (0x0007a91a <myapp+0x291a>) modid:1
# 5 WezelSznura::~WezelSznura [/Users/mateusz/Desktop/source.cpp:160] (0x0007a8d7 <myapp+0x28d7>) modid:1
# 6 Sznur::~Sznur [/Users/mateusz/Desktop/source.cpp:258] (0x0007a866 <myapp+0x2866>) modid:1
# 7 Sznur::~Sznur [/Users/mateusz/Desktop/source.cpp:250] (0x00079347 <myapp+0x1347>) modid:1
# 8 main  [/Users/mateusz/Desktop/source.cpp:349] (0x00078d2c <myapp+0xd2c>) modid:1
Note: <0:00:00.000 in thread 273420
Note: next higher malloc: 0x004f1240-0x004f2240
Note: 0x004f11c8-0x004f11cc overlaps memory 0x004f11c0-0x004f11cc that was freed here:
Note: # 0 replace_operator_delete     (0x003b0fb0 <libdrmemorylib.1.11.0.dylib+0x31fb0>) modid:5
Note: # 1 ListaPowiazan::~ListaPowiazan [/Users/mateusz/Desktop/source.cpp:127] (0x0007aa1b <myapp+0x2a1b>) modid:1
Note: # 2 ListaPowiazan::~ListaPowiazan [/Users/mateusz/Desktop/source.cpp:119] (0x0007a997 <myapp+0x2997>) modid:1
Note: # 3 Koralik::~Koralik [/Users/mateusz/Desktop/source.cpp:133] (0x0007a97a <myapp+0x297a>) modid:1
Note: # 4 Koralik::~Koralik [/Users/mateusz/Desktop/source.cpp:133] (0x00079367 <myapp+0x1367>) modid:1
Note: # 5 WezelSznura::~WezelSznura [/Users/mateusz/Desktop/source.cpp:162] (0x0007a91a <myapp+0x291a>) modid:1
Note: instruction: cmp    0x08(%eax) $0x00000000
	error end

Error #8: INVALID HEAP ARGUMENT to free 0x004f11c0
# 0 replace_operator_delete     (0x003b0fb0 <libdrmemorylib.1.11.0.dylib+0x31fb0>) modid:5
# 1 ListaPowiazan::~ListaPowiazan [/Users/mateusz/Desktop/source.cpp:127] (0x0007aa1b <myapp+0x2a1b>) modid:1
# 2 ListaPowiazan::~ListaPowiazan [/Users/mateusz/Desktop/source.cpp:119] (0x0007a997 <myapp+0x2997>) modid:1
# 3 Koralik::~Koralik [/Users/mateusz/Desktop/source.cpp:133] (0x0007a97a <myapp+0x297a>) modid:1
# 4 Koralik::~Koralik [/Users/mateusz/Desktop/source.cpp:133] (0x00079367 <myapp+0x1367>) modid:1
# 5 WezelSznura::~WezelSznura [/Users/mateusz/Desktop/source.cpp:162] (0x0007a91a <myapp+0x291a>) modid:1
# 6 WezelSznura::~WezelSznura [/Users/mateusz/Desktop/source.cpp:160] (0x0007a8d7 <myapp+0x28d7>) modid:1
# 7 Sznur::~Sznur [/Users/mateusz/Desktop/source.cpp:258] (0x0007a866 <myapp+0x2866>) modid:1
# 8 Sznur::~Sznur [/Users/mateusz/Desktop/source.cpp:250] (0x00079347 <myapp+0x1347>) modid:1
# 9 main  [/Users/mateusz/Desktop/source.cpp:349] (0x00078d2c <myapp+0xd2c>) modid:1
Note: £0:00:00.000 in thread 273420
Note: next higher malloc: 0x004f1240-0x004f2240
Note: memory was previously freed here:
Note: # 0 replace_operator_delete     (0x003b0fb0 <libdrmemorylib.1.11.0.dylib+0x31fb0>) modid:5
Note: # 1 ListaPowiazan::~ListaPowiazan [/Users/mateusz/Desktop/source.cpp:127] (0x0007aa1b <myapp+0x2a1b>) modid:1
Note: # 2 ListaPowiazan::~ListaPowiazan [/Users/mateusz/Desktop/source.cpp:119] (0x0007a997 <myapp+0x2997>) modid:1
Note: # 3 Koralik::~Koralik [/Users/mateusz/Desktop/source.cpp:133] (0x0007a97a <myapp+0x297a>) modid:1
Note: # 4 Koralik::~Koralik [/Users/mateusz/Desktop/source.cpp:133] (0x00079367 <myapp+0x1367>) modid:1
Note: # 5 WezelSznura::~WezelSznura [/Users/mateusz/Desktop/source.cpp:162] (0x0007a91a <myapp+0x291a>) modid:1
	error end

Error #9: INVALID HEAP ARGUMENT to free 0xbff889a0
# 0 replace_operator_delete     (0x003b0fb0 <libdrmemorylib.1.11.0.dylib+0x31fb0>) modid:5
# 1 WezelSznura::~WezelSznura [/Users/mateusz/Desktop/source.cpp:162] (0x0007a92a <myapp+0x292a>) modid:1
# 2 WezelSznura::~WezelSznura [/Users/mateusz/Desktop/source.cpp:160] (0x0007a8d7 <myapp+0x28d7>) modid:1
# 3 Sznur::~Sznur [/Users/mateusz/Desktop/source.cpp:258] (0x0007a866 <myapp+0x2866>) modid:1
# 4 Sznur::~Sznur [/Users/mateusz/Desktop/source.cpp:250] (0x00079347 <myapp+0x1347>) modid:1
# 5 main  [/Users/mateusz/Desktop/source.cpp:349] (0x00078d2c <myapp+0xd2c>) modid:1
Note: 00:00:00.000 in thread 273420
	error end

Error #10: INVALID HEAP ARGUMENT to free 0x004f11f0
# 0 replace_operator_delete     (0x003b0fb0 <libdrmemorylib.1.11.0.dylib+0x31fb0>) modid:5
# 1 Sznur::~Sznur [/Users/mateusz/Desktop/source.cpp:258] (0x0007a876 <myapp+0x2876>) modid:1
# 2 Sznur::~Sznur [/Users/mateusz/Desktop/source.cpp:250] (0x00079347 <myapp+0x1347>) modid:1
# 3 main  [/Users/mateusz/Desktop/source.cpp:349] (0x00078d2c <myapp+0xd2c>) modid:1
Note: 0:00:00.000 in thread 273420
Note: next higher malloc: 0x004f1240-0x004f2240
Note: memory was previously freed here:
Note: # 0 replace_operator_delete     (0x003b0fb0 <libdrmemorylib.1.11.0.dylib+0x31fb0>) modid:5
Note: # 1 Sznur::~Sznur [/Users/mateusz/Desktop/source.cpp:258] (0x0007a876 <myapp+0x2876>) modid:1
Note: # 2 Sznur::~Sznur [/Users/mateusz/Desktop/source.cpp:250] (0x00079347 <myapp+0x1347>) modid:1
Note: # 3 WezelKompozycji::~WezelKompozycji [/Users/mateusz/Desktop/source.cpp:273] (0x0007a78a <myapp+0x278a>) modid:1
Note: # 4 WezelKompozycji::~WezelKompozycji [/Users/mateusz/Desktop/source.cpp:272] (0x0007a757 <myapp+0x2757>) modid:1
Note: # 5 Kompozycja::~Kompozycja [/Users/mateusz/Desktop/source.cpp:322] (0x0007a701 <myapp+0x2701>) modid:1
	error end

Error #11: INVALID HEAP ARGUMENT to free 0x0007aed0
# 0 replace_operator_delete     (0x003b0fb0 <libdrmemorylib.1.11.0.dylib+0x31fb0>) modid:5
# 1 Sznur::~Sznur [/Users/mateusz/Desktop/source.cpp:260] (0x0007a8ad <myapp+0x28ad>) modid:1
# 2 Sznur::~Sznur [/Users/mateusz/Desktop/source.cpp:250] (0x00079347 <myapp+0x1347>) modid:1
# 3 main  [/Users/mateusz/Desktop/source.cpp:349] (0x00078d2c <myapp+0xd2c>) modid:1
Note: Ê0:00:00.000 in thread 273420
	error end

Error #12: UNADDRESSABLE ACCESS of freed memory: reading 0x004f11c8-0x004f11cc 4 byte(s)
# 0 ListaPowiazan::~ListaPowiazan [/Users/mateusz/Desktop/source.cpp:122] (0x0007a9c6 <myapp+0x29c6>) modid:1
# 1 ListaPowiazan::~ListaPowiazan [/Users/mateusz/Desktop/source.cpp:119] (0x0007a997 <myapp+0x2997>) modid:1
# 2 Koralik::~Koralik [/Users/mateusz/Desktop/source.cpp:133] (0x0007a97a <myapp+0x297a>) modid:1
# 3 Koralik::~Koralik [/Users/mateusz/Desktop/source.cpp:133] (0x00079367 <myapp+0x1367>) modid:1
# 4 main  [/Users/mateusz/Desktop/source.cpp:349] (0x00078d3c <myapp+0xd3c>) modid:1
Note: ÷0:00:00.000 in thread 273420
Note: next higher malloc: 0x004f1240-0x004f2240
Note: 0x004f11c8-0x004f11cc overlaps memory 0x004f11c0-0x004f11cc that was freed here:
Note: # 0 replace_operator_delete     (0x003b0fb0 <libdrmemorylib.1.11.0.dylib+0x31fb0>) modid:5
Note: # 1 ListaPowiazan::~ListaPowiazan [/Users/mateusz/Desktop/source.cpp:127] (0x0007aa1b <myapp+0x2a1b>) modid:1
Note: # 2 ListaPowiazan::~ListaPowiazan [/Users/mateusz/Desktop/source.cpp:119] (0x0007a997 <myapp+0x2997>) modid:1
Note: # 3 Koralik::~Koralik [/Users/mateusz/Desktop/source.cpp:133] (0x0007a97a <myapp+0x297a>) modid:1
Note: # 4 Koralik::~Koralik [/Users/mateusz/Desktop/source.cpp:133] (0x00079367 <myapp+0x1367>) modid:1
Note: # 5 WezelSznura::~WezelSznura [/Users/mateusz/Desktop/source.cpp:162] (0x0007a91a <myapp+0x291a>) modid:1
Note: instruction: cmp    0x08(%eax) $0x00000000
	error end

Error #13: INVALID HEAP ARGUMENT to free 0x004f11c0
# 0 replace_operator_delete     (0x003b0fb0 <libdrmemorylib.1.11.0.dylib+0x31fb0>) modid:5
# 1 ListaPowiazan::~ListaPowiazan [/Users/mateusz/Desktop/source.cpp:127] (0x0007aa1b <myapp+0x2a1b>) modid:1
# 2 ListaPowiazan::~ListaPowiazan [/Users/mateusz/Desktop/source.cpp:119] (0x0007a997 <myapp+0x2997>) modid:1
# 3 Koralik::~Koralik [/Users/mateusz/Desktop/source.cpp:133] (0x0007a97a <myapp+0x297a>) modid:1
# 4 Koralik::~Koralik [/Users/mateusz/Desktop/source.cpp:133] (0x00079367 <myapp+0x1367>) modid:1
# 5 main  [/Users/mateusz/Desktop/source.cpp:349] (0x00078d3c <myapp+0xd3c>) modid:1
Note: Ÿ0:00:00.000 in thread 273420
Note: next higher malloc: 0x004f1240-0x004f2240
Note: memory was previously freed here:
Note: # 0 replace_operator_delete     (0x003b0fb0 <libdrmemorylib.1.11.0.dylib+0x31fb0>) modid:5
Note: # 1 ListaPowiazan::~ListaPowiazan [/Users/mateusz/Desktop/source.cpp:127] (0x0007aa1b <myapp+0x2a1b>) modid:1
Note: # 2 ListaPowiazan::~ListaPowiazan [/Users/mateusz/Desktop/source.cpp:119] (0x0007a997 <myapp+0x2997>) modid:1
Note: # 3 Koralik::~Koralik [/Users/mateusz/Desktop/source.cpp:133] (0x0007a97a <myapp+0x297a>) modid:1
Note: # 4 Koralik::~Koralik [/Users/mateusz/Desktop/source.cpp:133] (0x00079367 <myapp+0x1367>) modid:1
Note: # 5 WezelSznura::~WezelSznura [/Users/mateusz/Desktop/source.cpp:162] (0x0007a91a <myapp+0x291a>) modid:1
	error end

DUPLICATE ERROR COUNTS:

SUPPRESSIONS USED:

ERRORS FOUND:
      5 unique,     5 total unaddressable access(es)
      0 unique,     0 total uninitialized access(es)
      8 unique,     8 total invalid heap argument(s)
      0 unique,     0 total warning(s)
      0 unique,     0 total,      0 byte(s) of leak(s)
      0 unique,     0 total,      0 byte(s) of possible leak(s)
ERRORS IGNORED:
    111 ignored assumed-innocuous system leak(s)
      1 unique,     1 total,   4096 byte(s) of still-reachable allocation(s)
         (re-run with "-show_reachable" for details)
Details: /Users/mateusz/Downloads/DrMemory-MacOS-1.11.0-2/drmemory/logs/DrMemory-myapp.8111.000/results.txt

DUPLICATE POTENTIAL ERROR COUNTS:

POTENTIAL ERRORS FOUND:
      0 unique,     0 total potential unaddressable access(es)
      0 unique,     0 total potential uninitialized access(es)
      0 unique,     0 total potential invalid heap argument(s)
      0 unique,     0 total potential warning(s)
      0 unique,     0 total,      0 byte(s) of potential leak(s)
      0 unique,     0 total,      0 byte(s) of potential possible leak(s)
Details: /Users/mateusz/Downloads/DrMemory-MacOS-1.11.0-2/drmemory/logs/DrMemory-myapp.8111.000/potential_errors.txt
Exiting D0:00:00.000 in thread 273420
LOG END
