process=1076, parent=470
Dr. Memory version 1.11.0 build 2 built on Aug 29 2016 02:37:30
start time: 0:00:00.000 == 00:00:00.000 01/01/1601
Recorded 3 suppression(s) from default /Users/mateusz/Downloads/DrMemory-MacOS-1.11.0-2/bin/suppress-default.txt
new thread #0 id=24706

module load event: "myapp" 0x0006d000-0x00072000 modid: 1 /Users/mateusz/Desktop/myapp

module load event: "libdrpreload.dylib" 0x00072000-0x00083000 modid: 2 /Users/mateusz/Downloads/DrMemory-MacOS-1.11.0-2/dynamorio/lib32/release/libdrpreload.dylib

module load event: "dyld" 0x00113000-0x0018b000 modid: 3 /usr/lib/dyld
WARNING: assuming operator new is non-placement in dyld @0x00132f10
WARNING: assuming operator new[] is non-placement in dyld @0x00132f94

module load event: "libdynamorio.dylib" 0x0018b000-0x00322000 modid: 4 /Users/mateusz/Downloads/DrMemory-MacOS-1.11.0-2/dynamorio/lib32/release/libdynamorio.dylib

module load event: "libdrmemorylib.1.11.0.dylib" 0x00322000-0x00493000 modid: 5 /Users/mateusz/Downloads/DrMemory-MacOS-1.11.0-2/bin/release/libdrmemorylib.dylib

module load event: "libSystem.B.dylib" 0x9e491000-0xac9b0000 modid: 6 /usr/lib/libSystem.B.dylib

module load event: "libauto.dylib" 0x9e605000-0xac9b0000 modid: 7 /usr/lib/libauto.dylib

module load event: "libc++.1.dylib" 0x9e625000-0xac9b0000 modid: 8 /usr/lib/libc++.1.dylib
WARNING: assuming operator new[] is non-placement in libc++.1.dylib @0x9e63d7a7
WARNING: assuming operator new[] is non-placement in libc++.1.dylib @0x9e63d7c3
WARNING: assuming operator new is non-placement in libc++.1.dylib @0x9e63d7df
WARNING: assuming operator new is non-placement in libc++.1.dylib @0x9e63d7fb
WARNING: assuming operator delete is non-placement in libc++.1.dylib @0x9e662994
WARNING: assuming operator delete[] is non-placement in libc++.1.dylib @0x9e66299d

module load event: "libc++abi.dylib" 0x9e67c000-0xac9b0000 modid: 9 /usr/lib/libc++abi.dylib
WARNING: assuming operator new is non-placement in libc++abi.dylib @0x9e69a620
WARNING: assuming operator new is non-placement in libc++abi.dylib @0x9e69a6a3
WARNING: assuming operator new[] is non-placement in libc++abi.dylib @0x9e69a6e4
WARNING: assuming operator new[] is non-placement in libc++abi.dylib @0x9e69a6e9

module load event: "libobjc.A.dylib" 0x9ef25000-0xac9b0000 modid: 10 /usr/lib/libobjc.A.dylib

module load event: "libcache.dylib" 0x9f6cb000-0xac9b0000 modid: 11 /usr/lib/system/libcache.dylib

module load event: "libcommonCrypto.dylib" 0x9f6d0000-0xac9b0000 modid: 12 /usr/lib/system/libcommonCrypto.dylib

module load event: "libcompiler_rt.dylib" 0x9f6db000-0xac9b0000 modid: 13 /usr/lib/system/libcompiler_rt.dylib

module load event: "libcopyfile.dylib" 0x9f6e1000-0xac9b0000 modid: 14 /usr/lib/system/libcopyfile.dylib

module load event: "libcorecrypto.dylib" 0x9f6ea000-0xac9b0000 modid: 15 /usr/lib/system/libcorecrypto.dylib

module load event: "libdispatch.dylib" 0x9f751000-0xac9b0000 modid: 16 /usr/lib/system/libdispatch.dylib

module load event: "libdyld.dylib" 0x9f780000-0xac9b0000 modid: 17 /usr/lib/system/libdyld.dylib

module load event: "libkeymgr.dylib" 0x9f786000-0xac9b0000 modid: 18 /usr/lib/system/libkeymgr.dylib

module load event: "liblaunch.dylib" 0x9f794000-0xac9b0000 modid: 19 /usr/lib/system/liblaunch.dylib

module load event: "libmacho.dylib" 0x9f795000-0xac9b0000 modid: 20 /usr/lib/system/libmacho.dylib

module load event: "libquarantine.dylib" 0x9f79c000-0xac9b0000 modid: 21 /usr/lib/system/libquarantine.dylib

module load event: "libremovefile.dylib" 0x9f79f000-0xac9b0000 modid: 22 /usr/lib/system/libremovefile.dylib

module load event: "libsystem_asl.dylib" 0x9f7a1000-0xac9b0000 modid: 23 /usr/lib/system/libsystem_asl.dylib

module load event: "libsystem_blocks.dylib" 0x9f7b9000-0xac9b0000 modid: 24 /usr/lib/system/libsystem_blocks.dylib

module load event: "libsystem_c.dylib" 0x9f7ba000-0xac9b0000 modid: 25 /usr/lib/system/libsystem_c.dylib

module load event: "libsystem_configuration.dylib" 0x9f849000-0xac9b0000 modid: 26 /usr/lib/system/libsystem_configuration.dylib

module load event: "libsystem_coreservices.dylib" 0x9f84d000-0xac9b0000 modid: 27 /usr/lib/system/libsystem_coreservices.dylib

module load event: "libsystem_coretls.dylib" 0x9f851000-0xac9b0000 modid: 28 /usr/lib/system/libsystem_coretls.dylib

module load event: "libsystem_dnssd.dylib" 0x9f86a000-0xac9b0000 modid: 29 /usr/lib/system/libsystem_dnssd.dylib

module load event: "libsystem_info.dylib" 0x9f871000-0xac9b0000 modid: 30 /usr/lib/system/libsystem_info.dylib

module load event: "libsystem_kernel.dylib" 0x9f899000-0xac9b0000 modid: 31 /usr/lib/system/libsystem_kernel.dylib

module load event: "libsystem_m.dylib" 0x9f8bb000-0xac9b0000 modid: 32 /usr/lib/system/libsystem_m.dylib

module load event: "libsystem_malloc.dylib" 0x9f908000-0xac9b0000 modid: 33 /usr/lib/system/libsystem_malloc.dylib

module load event: "libsystem_network.dylib" 0x9f923000-0xac9b0000 modid: 34 /usr/lib/system/libsystem_network.dylib

module load event: "libsystem_networkextension.dylib" 0x9f977000-0xac9b0000 modid: 35 /usr/lib/system/libsystem_networkextension.dylib

module load event: "libsystem_notify.dylib" 0x9f981000-0xac9b0000 modid: 36 /usr/lib/system/libsystem_notify.dylib

module load event: "libsystem_platform.dylib" 0x9f98a000-0xac9b0000 modid: 37 /usr/lib/system/libsystem_platform.dylib

module load event: "libsystem_pthread.dylib" 0x9f991000-0xac9b0000 modid: 38 /usr/lib/system/libsystem_pthread.dylib

module load event: "libsystem_sandbox.dylib" 0x9f99b000-0xac9b0000 modid: 39 /usr/lib/system/libsystem_sandbox.dylib

module load event: "libsystem_secinit.dylib" 0x9f99f000-0xac9b0000 modid: 40 /usr/lib/system/libsystem_secinit.dylib

module load event: "libsystem_symptoms.dylib" 0x9f9a1000-0xac9b0000 modid: 41 /usr/lib/system/libsystem_symptoms.dylib

module load event: "libsystem_trace.dylib" 0x9f9a9000-0xac9b0000 modid: 42 /usr/lib/system/libsystem_trace.dylib

module load event: "libunwind.dylib" 0x9f9ca000-0xac9b0000 modid: 43 /usr/lib/system/libunwind.dylib

module load event: "libxpc.dylib" 0x9f9d1000-0xac9b0000 modid: 44 /usr/lib/system/libxpc.dylib
WARNING: unhandled system calls found

Error #1: POSSIBLE LEAK 40 direct bytes 0x00494140-0x00494168 + 0 indirect bytes
# 0 replace_malloc              (0x003532c0 <libdrmemorylib.1.11.0.dylib+0x312c0>) modid:5
# 1 stworzWektor [/Users/mateusz/Desktop/source.cpp:301] (0x0006e980 <myapp+0x1980>) modid:1
# 2 znajdzRozkladQR [/Users/mateusz/Desktop/source.cpp:389] (0x0006ecfe <myapp+0x1cfe>) modid:1
# 3 znajdzWektoryIWartosciWlasne [/Users/mateusz/Desktop/source.cpp:408] (0x0006ee3b <myapp+0x1e3b>) modid:1
# 4 zapiszDoTablicyWektoryOrazWartosci [/Users/mateusz/Desktop/source.cpp:423] (0x0006dc3d <myapp+0xc3d>) modid:1
# 5 main  [/Users/mateusz/Desktop/source.cpp:64] (0x0006d9a2 <myapp+0x9a2>) modid:1
	error end

Error #2: POSSIBLE LEAK 24 direct bytes 0x00494190-0x004941a8 + 0 indirect bytes
# 0 replace_malloc              (0x003532c0 <libdrmemorylib.1.11.0.dylib+0x312c0>) modid:5
# 1 main  [/Users/mateusz/Desktop/source.cpp:52] (0x0006d756 <myapp+0x756>) modid:1
	error end

Error #3: POSSIBLE LEAK 40 direct bytes 0x004951e8-0x00495210 + 0 indirect bytes
# 0 replace_malloc              (0x003532c0 <libdrmemorylib.1.11.0.dylib+0x312c0>) modid:5
# 1 stworzWektor [/Users/mateusz/Desktop/source.cpp:301] (0x0006e980 <myapp+0x1980>) modid:1
# 2 sprowadzDoProstszejPostaci [/Users/mateusz/Desktop/source.cpp:351] (0x0006da54 <myapp+0xa54>) modid:1
# 3 main  [/Users/mateusz/Desktop/source.cpp:60] (0x0006d940 <myapp+0x940>) modid:1
	error end

Error #4: POSSIBLE LEAK 40 direct bytes 0x00495278-0x004952a0 + 0 indirect bytes
# 0 replace_malloc              (0x003532c0 <libdrmemorylib.1.11.0.dylib+0x312c0>) modid:5
# 1 wektorRazySkalar [/Users/mateusz/Desktop/source.cpp:121] (0x0006dfa1 <myapp+0xfa1>) modid:1
# 2 obliczWektorU [/Users/mateusz/Desktop/source.cpp:190] (0x0006e399 <myapp+0x1399>) modid:1
# 3 sprowadzDoProstszejPostaci [/Users/mateusz/Desktop/source.cpp:352] (0x0006da6f <myapp+0xa6f>) modid:1
# 4 main  [/Users/mateusz/Desktop/source.cpp:60] (0x0006d940 <myapp+0x940>) modid:1
	error end

Error #5: POSSIBLE LEAK 40 direct bytes 0x00495308-0x00495330 + 0 indirect bytes
# 0 replace_malloc              (0x003532c0 <libdrmemorylib.1.11.0.dylib+0x312c0>) modid:5
# 1 wektorRazySkalar [/Users/mateusz/Desktop/source.cpp:121] (0x0006dfa1 <myapp+0xfa1>) modid:1
# 2 obliczWektorU [/Users/mateusz/Desktop/source.cpp:193] (0x0006e40a <myapp+0x140a>) modid:1
# 3 sprowadzDoProstszejPostaci [/Users/mateusz/Desktop/source.cpp:352] (0x0006da6f <myapp+0xa6f>) modid:1
# 4 main  [/Users/mateusz/Desktop/source.cpp:60] (0x0006d940 <myapp+0x940>) modid:1
	error end

Error #6: POSSIBLE LEAK 40 direct bytes 0x00495350-0x00495378 + 200 indirect bytes
# 0 replace_malloc              (0x003532c0 <libdrmemorylib.1.11.0.dylib+0x312c0>) modid:5
# 1 wygenerujMacierzJedynkowa [/Users/mateusz/Desktop/source.cpp:234] (0x0006e603 <myapp+0x1603>) modid:1
# 2 obliczMacierzHouseholdera [/Users/mateusz/Desktop/source.cpp:296] (0x0006e8e7 <myapp+0x18e7>) modid:1
# 3 sprowadzDoProstszejPostaci [/Users/mateusz/Desktop/source.cpp:353] (0x0006da8a <myapp+0xa8a>) modid:1
# 4 main  [/Users/mateusz/Desktop/source.cpp:60] (0x0006d940 <myapp+0x940>) modid:1
	error end

Error #7: POSSIBLE LEAK 40 direct bytes 0x00495500-0x00495528 + 200 indirect bytes
# 0 replace_malloc              (0x003532c0 <libdrmemorylib.1.11.0.dylib+0x312c0>) modid:5
# 1 wektorRazyWektorTransponowany [/Users/mateusz/Desktop/source.cpp:198] (0x0006e446 <myapp+0x1446>) modid:1
# 2 obliczMacierzHouseholdera [/Users/mateusz/Desktop/source.cpp:296] (0x0006e903 <myapp+0x1903>) modid:1
# 3 sprowadzDoProstszejPostaci [/Users/mateusz/Desktop/source.cpp:353] (0x0006da8a <myapp+0xa8a>) modid:1
# 4 main  [/Users/mateusz/Desktop/source.cpp:60] (0x0006d940 <myapp+0x940>) modid:1
	error end

Error #8: POSSIBLE LEAK 40 direct bytes 0x004956b0-0x004956d8 + 200 indirect bytes
# 0 replace_malloc              (0x003532c0 <libdrmemorylib.1.11.0.dylib+0x312c0>) modid:5
# 1 macierzRazySkalar [/Users/mateusz/Desktop/source.cpp:277] (0x0006e80a <myapp+0x180a>) modid:1
# 2 obliczMacierzHouseholdera [/Users/mateusz/Desktop/source.cpp:296] (0x0006e923 <myapp+0x1923>) modid:1
# 3 sprowadzDoProstszejPostaci [/Users/mateusz/Desktop/source.cpp:353] (0x0006da8a <myapp+0xa8a>) modid:1
# 4 main  [/Users/mateusz/Desktop/source.cpp:60] (0x0006d940 <myapp+0x940>) modid:1
	error end

Error #9: LEAK 40 direct bytes 0x00495860-0x00495888 + 200 indirect bytes
# 0 replace_malloc              (0x003532c0 <libdrmemorylib.1.11.0.dylib+0x312c0>) modid:5
# 1 macierzMinusMacierz [/Users/mateusz/Desktop/source.cpp:216] (0x0006e526 <myapp+0x1526>) modid:1
# 2 obliczMacierzHouseholdera [/Users/mateusz/Desktop/source.cpp:296] (0x0006e939 <myapp+0x1939>) modid:1
# 3 sprowadzDoProstszejPostaci [/Users/mateusz/Desktop/source.cpp:353] (0x0006da8a <myapp+0xa8a>) modid:1
# 4 main  [/Users/mateusz/Desktop/source.cpp:60] (0x0006d940 <myapp+0x940>) modid:1
	error end

Error #10: POSSIBLE LEAK 48 direct bytes 0x00495a10-0x00495a40 + 240 indirect bytes
# 0 replace_malloc              (0x003532c0 <libdrmemorylib.1.11.0.dylib+0x312c0>) modid:5
# 1 macierzKwadratowaOWiekszymWymiarzeZMacierzKwadratwej [/Users/mateusz/Desktop/source.cpp:314] (0x0006ea27 <myapp+0x1a27>) modid:1
# 2 sprowadzDoProstszejPostaci [/Users/mateusz/Desktop/source.cpp:354] (0x0006daac <myapp+0xaac>) modid:1
# 3 main  [/Users/mateusz/Desktop/source.cpp:60] (0x0006d940 <myapp+0x940>) modid:1
	error end

Error #11: POSSIBLE LEAK 48 direct bytes 0x00495c40-0x00495c70 + 288 indirect bytes
# 0 replace_malloc              (0x003532c0 <libdrmemorylib.1.11.0.dylib+0x312c0>) modid:5
# 1 macierzRazymacierz [/Users/mateusz/Desktop/source.cpp:253] (0x0006e6e6 <myapp+0x16e6>) modid:1
# 2 sprowadzDoProstszejPostaci [/Users/mateusz/Desktop/source.cpp:355] (0x0006dac8 <myapp+0xac8>) modid:1
# 3 main  [/Users/mateusz/Desktop/source.cpp:60] (0x0006d940 <myapp+0x940>) modid:1
	error end

Error #12: POSSIBLE LEAK 48 direct bytes 0x00495e70-0x00495ea0 + 288 indirect bytes
# 0 replace_malloc              (0x003532c0 <libdrmemorylib.1.11.0.dylib+0x312c0>) modid:5
# 1 macierzRazymacierz [/Users/mateusz/Desktop/source.cpp:253] (0x0006e6e6 <myapp+0x16e6>) modid:1
# 2 sprowadzDoProstszejPostaci [/Users/mateusz/Desktop/source.cpp:356] (0x0006dae4 <myapp+0xae4>) modid:1
# 3 main  [/Users/mateusz/Desktop/source.cpp:60] (0x0006d940 <myapp+0x940>) modid:1
	error end

Error #13: LEAK 32 direct bytes 0x004961a0-0x004961c0 + 0 indirect bytes
# 0 replace_malloc              (0x003532c0 <libdrmemorylib.1.11.0.dylib+0x312c0>) modid:5
# 1 wektorRazySkalar [/Users/mateusz/Desktop/source.cpp:121] (0x0006dfa1 <myapp+0xfa1>) modid:1
# 2 obliczWektorU [/Users/mateusz/Desktop/source.cpp:193] (0x0006e40a <myapp+0x140a>) modid:1
# 3 sprowadzDoProstszejPostaci [/Users/mateusz/Desktop/source.cpp:352] (0x0006da6f <myapp+0xa6f>) modid:1
# 4 main  [/Users/mateusz/Desktop/source.cpp:60] (0x0006d940 <myapp+0x940>) modid:1
	error end

Error #14: POSSIBLE LEAK 32 direct bytes 0x004965a0-0x004965c0 + 128 indirect bytes
# 0 replace_malloc              (0x003532c0 <libdrmemorylib.1.11.0.dylib+0x312c0>) modid:5
# 1 macierzMinusMacierz [/Users/mateusz/Desktop/source.cpp:216] (0x0006e526 <myapp+0x1526>) modid:1
# 2 obliczMacierzHouseholdera [/Users/mateusz/Desktop/source.cpp:296] (0x0006e939 <myapp+0x1939>) modid:1
# 3 sprowadzDoProstszejPostaci [/Users/mateusz/Desktop/source.cpp:353] (0x0006da8a <myapp+0xa8a>) modid:1
# 4 main  [/Users/mateusz/Desktop/source.cpp:60] (0x0006d940 <myapp+0x940>) modid:1
	error end

Error #15: LEAK 24 direct bytes 0x00496de0-0x00496df8 + 0 indirect bytes
# 0 replace_malloc              (0x003532c0 <libdrmemorylib.1.11.0.dylib+0x312c0>) modid:5
# 1 wektorRazySkalar [/Users/mateusz/Desktop/source.cpp:121] (0x0006dfa1 <myapp+0xfa1>) modid:1
# 2 obliczWektorU [/Users/mateusz/Desktop/source.cpp:190] (0x0006e399 <myapp+0x1399>) modid:1
# 3 sprowadzDoProstszejPostaci [/Users/mateusz/Desktop/source.cpp:352] (0x0006da6f <myapp+0xa6f>) modid:1
# 4 main  [/Users/mateusz/Desktop/source.cpp:60] (0x0006d940 <myapp+0x940>) modid:1
	error end

Error #16: LEAK 24 direct bytes 0x00497048-0x00497060 + 72 indirect bytes
# 0 replace_malloc              (0x003532c0 <libdrmemorylib.1.11.0.dylib+0x312c0>) modid:5
# 1 macierzRazySkalar [/Users/mateusz/Desktop/source.cpp:277] (0x0006e80a <myapp+0x180a>) modid:1
# 2 obliczMacierzHouseholdera [/Users/mateusz/Desktop/source.cpp:296] (0x0006e923 <myapp+0x1923>) modid:1
# 3 sprowadzDoProstszejPostaci [/Users/mateusz/Desktop/source.cpp:353] (0x0006da8a <myapp+0xa8a>) modid:1
# 4 main  [/Users/mateusz/Desktop/source.cpp:60] (0x0006d940 <myapp+0x940>) modid:1
	error end

Error #17: LEAK 16 direct bytes 0x00497898-0x004978a8 + 0 indirect bytes
# 0 replace_malloc              (0x003532c0 <libdrmemorylib.1.11.0.dylib+0x312c0>) modid:5
# 1 stworzWektor [/Users/mateusz/Desktop/source.cpp:301] (0x0006e980 <myapp+0x1980>) modid:1
# 2 sprowadzDoProstszejPostaci [/Users/mateusz/Desktop/source.cpp:351] (0x0006da54 <myapp+0xa54>) modid:1
# 3 main  [/Users/mateusz/Desktop/source.cpp:60] (0x0006d940 <myapp+0x940>) modid:1
	error end

Error #18: LEAK 16 direct bytes 0x004978c8-0x004978d8 + 0 indirect bytes
# 0 replace_malloc              (0x003532c0 <libdrmemorylib.1.11.0.dylib+0x312c0>) modid:5
# 1 stworzWektor [/Users/mateusz/Desktop/source.cpp:301] (0x0006e980 <myapp+0x1980>) modid:1
# 2 znajdzRozkladQR [/Users/mateusz/Desktop/source.cpp:389] (0x0006ecfe <myapp+0x1cfe>) modid:1
# 3 znajdzWektoryIWartosciWlasne [/Users/mateusz/Desktop/source.cpp:408] (0x0006ee3b <myapp+0x1e3b>) modid:1
# 4 zapiszDoTablicyWektoryOrazWartosci [/Users/mateusz/Desktop/source.cpp:423] (0x0006dc3d <myapp+0xc3d>) modid:1
# 5 main  [/Users/mateusz/Desktop/source.cpp:64] (0x0006d9a2 <myapp+0x9a2>) modid:1
	error end

Error #19: LEAK 16 direct bytes 0x00497988-0x00497998 + 32 indirect bytes
# 0 replace_malloc              (0x003532c0 <libdrmemorylib.1.11.0.dylib+0x312c0>) modid:5
# 1 wygenerujMacierzJedynkowa [/Users/mateusz/Desktop/source.cpp:234] (0x0006e603 <myapp+0x1603>) modid:1
# 2 obliczMacierzHouseholdera [/Users/mateusz/Desktop/source.cpp:296] (0x0006e8e7 <myapp+0x18e7>) modid:1
# 3 sprowadzDoProstszejPostaci [/Users/mateusz/Desktop/source.cpp:353] (0x0006da8a <myapp+0xa8a>) modid:1
# 4 main  [/Users/mateusz/Desktop/source.cpp:60] (0x0006d940 <myapp+0x940>) modid:1
	error end

Error #20: LEAK 16 direct bytes 0x00497a18-0x00497a28 + 32 indirect bytes
# 0 replace_malloc              (0x003532c0 <libdrmemorylib.1.11.0.dylib+0x312c0>) modid:5
# 1 wektorRazyWektorTransponowany [/Users/mateusz/Desktop/source.cpp:198] (0x0006e446 <myapp+0x1446>) modid:1
# 2 obliczMacierzHouseholdera [/Users/mateusz/Desktop/source.cpp:296] (0x0006e903 <myapp+0x1903>) modid:1
# 3 sprowadzDoProstszejPostaci [/Users/mateusz/Desktop/source.cpp:353] (0x0006da8a <myapp+0xa8a>) modid:1
# 4 main  [/Users/mateusz/Desktop/source.cpp:60] (0x0006d940 <myapp+0x940>) modid:1
	error end

Error #21: POSSIBLE LEAK 24 direct bytes 0x004984b0-0x004984c8 + 360 indirect bytes
# 0 replace_malloc              (0x003532c0 <libdrmemorylib.1.11.0.dylib+0x312c0>) modid:5
# 1 zapiszDoTablicyWektoryOrazWartosci [/Users/mateusz/Desktop/source.cpp:416] (0x0006dbd0 <myapp+0xbd0>) modid:1
# 2 main  [/Users/mateusz/Desktop/source.cpp:64] (0x0006d9a2 <myapp+0x9a2>) modid:1
	error end

Error #22: LEAK 8 direct bytes 0x004987e8-0x004987f0 + 96 indirect bytes
# 0 replace_malloc              (0x003532c0 <libdrmemorylib.1.11.0.dylib+0x312c0>) modid:5
# 1 znajdzWektoryIWartosciWlasne [/Users/mateusz/Desktop/source.cpp:402] (0x0006edf6 <myapp+0x1df6>) modid:1
# 2 zapiszDoTablicyWektoryOrazWartosci [/Users/mateusz/Desktop/source.cpp:423] (0x0006dc3d <myapp+0xc3d>) modid:1
# 3 main  [/Users/mateusz/Desktop/source.cpp:64] (0x0006d9a2 <myapp+0x9a2>) modid:1
	error end

Error #23: POSSIBLE LEAK 48 direct bytes 0x00498810-0x00498840 + 288 indirect bytes
# 0 replace_malloc              (0x003532c0 <libdrmemorylib.1.11.0.dylib+0x312c0>) modid:5
# 1 wygenerujMacierzJedynkowa [/Users/mateusz/Desktop/source.cpp:234] (0x0006e603 <myapp+0x1603>) modid:1
# 2 znajdzWektoryIWartosciWlasne [/Users/mateusz/Desktop/source.cpp:404] (0x0006ee0d <myapp+0x1e0d>) modid:1
# 3 zapiszDoTablicyWektoryOrazWartosci [/Users/mateusz/Desktop/source.cpp:423] (0x0006dc3d <myapp+0xc3d>) modid:1
# 4 main  [/Users/mateusz/Desktop/source.cpp:64] (0x0006d9a2 <myapp+0x9a2>) modid:1
	error end

Error #24: LEAK 8 direct bytes 0x00498a40-0x00498a48 + 96 indirect bytes
# 0 replace_malloc              (0x003532c0 <libdrmemorylib.1.11.0.dylib+0x312c0>) modid:5
# 1 znajdzRozkladQR [/Users/mateusz/Desktop/source.cpp:384] (0x0006eca7 <myapp+0x1ca7>) modid:1
# 2 znajdzWektoryIWartosciWlasne [/Users/mateusz/Desktop/source.cpp:408] (0x0006ee3b <myapp+0x1e3b>) modid:1
# 3 zapiszDoTablicyWektoryOrazWartosci [/Users/mateusz/Desktop/source.cpp:423] (0x0006dc3d <myapp+0xc3d>) modid:1
# 4 main  [/Users/mateusz/Desktop/source.cpp:64] (0x0006d9a2 <myapp+0x9a2>) modid:1
	error end

Error #25: POSSIBLE LEAK 48 direct bytes 0x00498a68-0x00498a98 + 288 indirect bytes
# 0 replace_malloc              (0x003532c0 <libdrmemorylib.1.11.0.dylib+0x312c0>) modid:5
# 1 wygenerujMacierzJedynkowa [/Users/mateusz/Desktop/source.cpp:234] (0x0006e603 <myapp+0x1603>) modid:1
# 2 znajdzRozkladQR [/Users/mateusz/Desktop/source.cpp:386] (0x0006ecbe <myapp+0x1cbe>) modid:1
# 3 znajdzWektoryIWartosciWlasne [/Users/mateusz/Desktop/source.cpp:408] (0x0006ee3b <myapp+0x1e3b>) modid:1
# 4 zapiszDoTablicyWektoryOrazWartosci [/Users/mateusz/Desktop/source.cpp:423] (0x0006dc3d <myapp+0xc3d>) modid:1
# 5 main  [/Users/mateusz/Desktop/source.cpp:64] (0x0006d9a2 <myapp+0x9a2>) modid:1
	error end

Error #26: LEAK 16 direct bytes 0x00498ce8-0x00498cf8 + 32 indirect bytes
# 0 replace_malloc              (0x003532c0 <libdrmemorylib.1.11.0.dylib+0x312c0>) modid:5
# 1 wygenerujMacierzJedynkowa [/Users/mateusz/Desktop/source.cpp:234] (0x0006e603 <myapp+0x1603>) modid:1
# 2 obliczMacierzHouseholdera [/Users/mateusz/Desktop/source.cpp:296] (0x0006e8e7 <myapp+0x18e7>) modid:1
# 3 znajdzRozkladQR [/Users/mateusz/Desktop/source.cpp:391] (0x0006ed2e <myapp+0x1d2e>) modid:1
# 4 znajdzWektoryIWartosciWlasne [/Users/mateusz/Desktop/source.cpp:408] (0x0006ee3b <myapp+0x1e3b>) modid:1
# 5 zapiszDoTablicyWektoryOrazWartosci [/Users/mateusz/Desktop/source.cpp:423] (0x0006dc3d <myapp+0xc3d>) modid:1
# 6 main  [/Users/mateusz/Desktop/source.cpp:64] (0x0006d9a2 <myapp+0x9a2>) modid:1
	error end

Error #27: POSSIBLE LEAK 48 direct bytes 0x00498d38-0x00498d68 + 0 indirect bytes
# 0 replace_malloc              (0x003532c0 <libdrmemorylib.1.11.0.dylib+0x312c0>) modid:5
# 1 wektorRazySkalar [/Users/mateusz/Desktop/source.cpp:121] (0x0006dfa1 <myapp+0xfa1>) modid:1
# 2 obliczWektorU [/Users/mateusz/Desktop/source.cpp:190] (0x0006e399 <myapp+0x1399>) modid:1
# 3 znajdzRozkladQR [/Users/mateusz/Desktop/source.cpp:390] (0x0006ed16 <myapp+0x1d16>) modid:1
# 4 znajdzWektoryIWartosciWlasne [/Users/mateusz/Desktop/source.cpp:408] (0x0006ee3b <myapp+0x1e3b>) modid:1
# 5 zapiszDoTablicyWektoryOrazWartosci [/Users/mateusz/Desktop/source.cpp:423] (0x0006dc3d <myapp+0xc3d>) modid:1
# 6 main  [/Users/mateusz/Desktop/source.cpp:64] (0x0006d9a2 <myapp+0x9a2>) modid:1
	error end

Error #28: POSSIBLE LEAK 48 direct bytes 0x00498dd8-0x00498e08 + 0 indirect bytes
# 0 replace_malloc              (0x003532c0 <libdrmemorylib.1.11.0.dylib+0x312c0>) modid:5
# 1 wektorRazySkalar [/Users/mateusz/Desktop/source.cpp:121] (0x0006dfa1 <myapp+0xfa1>) modid:1
# 2 obliczWektorU [/Users/mateusz/Desktop/source.cpp:193] (0x0006e40a <myapp+0x140a>) modid:1
# 3 znajdzRozkladQR [/Users/mateusz/Desktop/source.cpp:390] (0x0006ed16 <myapp+0x1d16>) modid:1
# 4 znajdzWektoryIWartosciWlasne [/Users/mateusz/Desktop/source.cpp:408] (0x0006ee3b <myapp+0x1e3b>) modid:1
# 5 zapiszDoTablicyWektoryOrazWartosci [/Users/mateusz/Desktop/source.cpp:423] (0x0006dc3d <myapp+0xc3d>) modid:1
# 6 main  [/Users/mateusz/Desktop/source.cpp:64] (0x0006d9a2 <myapp+0x9a2>) modid:1
	error end

Error #29: POSSIBLE LEAK 48 direct bytes 0x00498e28-0x00498e58 + 288 indirect bytes
# 0 replace_malloc              (0x003532c0 <libdrmemorylib.1.11.0.dylib+0x312c0>) modid:5
# 1 wygenerujMacierzJedynkowa [/Users/mateusz/Desktop/source.cpp:234] (0x0006e603 <myapp+0x1603>) modid:1
# 2 obliczMacierzHouseholdera [/Users/mateusz/Desktop/source.cpp:296] (0x0006e8e7 <myapp+0x18e7>) modid:1
# 3 znajdzRozkladQR [/Users/mateusz/Desktop/source.cpp:391] (0x0006ed2e <myapp+0x1d2e>) modid:1
# 4 znajdzWektoryIWartosciWlasne [/Users/mateusz/Desktop/source.cpp:408] (0x0006ee3b <myapp+0x1e3b>) modid:1
# 5 zapiszDoTablicyWektoryOrazWartosci [/Users/mateusz/Desktop/source.cpp:423] (0x0006dc3d <myapp+0xc3d>) modid:1
# 6 main  [/Users/mateusz/Desktop/source.cpp:64] (0x0006d9a2 <myapp+0x9a2>) modid:1
	error end

Error #30: POSSIBLE LEAK 48 direct bytes 0x00499058-0x00499088 + 288 indirect bytes
# 0 replace_malloc              (0x003532c0 <libdrmemorylib.1.11.0.dylib+0x312c0>) modid:5
# 1 wektorRazyWektorTransponowany [/Users/mateusz/Desktop/source.cpp:198] (0x0006e446 <myapp+0x1446>) modid:1
# 2 obliczMacierzHouseholdera [/Users/mateusz/Desktop/source.cpp:296] (0x0006e903 <myapp+0x1903>) modid:1
# 3 znajdzRozkladQR [/Users/mateusz/Desktop/source.cpp:391] (0x0006ed2e <myapp+0x1d2e>) modid:1
# 4 znajdzWektoryIWartosciWlasne [/Users/mateusz/Desktop/source.cpp:408] (0x0006ee3b <myapp+0x1e3b>) modid:1
# 5 zapiszDoTablicyWektoryOrazWartosci [/Users/mateusz/Desktop/source.cpp:423] (0x0006dc3d <myapp+0xc3d>) modid:1
# 6 main  [/Users/mateusz/Desktop/source.cpp:64] (0x0006d9a2 <myapp+0x9a2>) modid:1
	error end

Error #31: POSSIBLE LEAK 48 direct bytes 0x00499288-0x004992b8 + 288 indirect bytes
# 0 replace_malloc              (0x003532c0 <libdrmemorylib.1.11.0.dylib+0x312c0>) modid:5
# 1 macierzRazySkalar [/Users/mateusz/Desktop/source.cpp:277] (0x0006e80a <myapp+0x180a>) modid:1
# 2 obliczMacierzHouseholdera [/Users/mateusz/Desktop/source.cpp:296] (0x0006e923 <myapp+0x1923>) modid:1
# 3 znajdzRozkladQR [/Users/mateusz/Desktop/source.cpp:391] (0x0006ed2e <myapp+0x1d2e>) modid:1
# 4 znajdzWektoryIWartosciWlasne [/Users/mateusz/Desktop/source.cpp:408] (0x0006ee3b <myapp+0x1e3b>) modid:1
# 5 zapiszDoTablicyWektoryOrazWartosci [/Users/mateusz/Desktop/source.cpp:423] (0x0006dc3d <myapp+0xc3d>) modid:1
# 6 main  [/Users/mateusz/Desktop/source.cpp:64] (0x0006d9a2 <myapp+0x9a2>) modid:1
	error end

Error #32: POSSIBLE LEAK 48 direct bytes 0x004994b8-0x004994e8 + 288 indirect bytes
# 0 replace_malloc              (0x003532c0 <libdrmemorylib.1.11.0.dylib+0x312c0>) modid:5
# 1 macierzMinusMacierz [/Users/mateusz/Desktop/source.cpp:216] (0x0006e526 <myapp+0x1526>) modid:1
# 2 obliczMacierzHouseholdera [/Users/mateusz/Desktop/source.cpp:296] (0x0006e939 <myapp+0x1939>) modid:1
# 3 znajdzRozkladQR [/Users/mateusz/Desktop/source.cpp:391] (0x0006ed2e <myapp+0x1d2e>) modid:1
# 4 znajdzWektoryIWartosciWlasne [/Users/mateusz/Desktop/source.cpp:408] (0x0006ee3b <myapp+0x1e3b>) modid:1
# 5 zapiszDoTablicyWektoryOrazWartosci [/Users/mateusz/Desktop/source.cpp:423] (0x0006dc3d <myapp+0xc3d>) modid:1
# 6 main  [/Users/mateusz/Desktop/source.cpp:64] (0x0006d9a2 <myapp+0x9a2>) modid:1
	error end

Error #33: POSSIBLE LEAK 48 direct bytes 0x004996e8-0x00499718 + 288 indirect bytes
# 0 replace_malloc              (0x003532c0 <libdrmemorylib.1.11.0.dylib+0x312c0>) modid:5
# 1 macierzRazymacierz [/Users/mateusz/Desktop/source.cpp:253] (0x0006e6e6 <myapp+0x16e6>) modid:1
# 2 znajdzRozkladQR [/Users/mateusz/Desktop/source.cpp:393] (0x0006ed6c <myapp+0x1d6c>) modid:1
# 3 znajdzWektoryIWartosciWlasne [/Users/mateusz/Desktop/source.cpp:408] (0x0006ee3b <myapp+0x1e3b>) modid:1
# 4 zapiszDoTablicyWektoryOrazWartosci [/Users/mateusz/Desktop/source.cpp:423] (0x0006dc3d <myapp+0xc3d>) modid:1
# 5 main  [/Users/mateusz/Desktop/source.cpp:64] (0x0006d9a2 <myapp+0x9a2>) modid:1
	error end

Error #34: POSSIBLE LEAK 48 direct bytes 0x00499918-0x00499948 + 288 indirect bytes
# 0 replace_malloc              (0x003532c0 <libdrmemorylib.1.11.0.dylib+0x312c0>) modid:5
# 1 macierzRazymacierz [/Users/mateusz/Desktop/source.cpp:253] (0x0006e6e6 <myapp+0x16e6>) modid:1
# 2 znajdzRozkladQR [/Users/mateusz/Desktop/source.cpp:394] (0x0006ed8d <myapp+0x1d8d>) modid:1
# 3 znajdzWektoryIWartosciWlasne [/Users/mateusz/Desktop/source.cpp:408] (0x0006ee3b <myapp+0x1e3b>) modid:1
# 4 zapiszDoTablicyWektoryOrazWartosci [/Users/mateusz/Desktop/source.cpp:423] (0x0006dc3d <myapp+0xc3d>) modid:1
# 5 main  [/Users/mateusz/Desktop/source.cpp:64] (0x0006d9a2 <myapp+0x9a2>) modid:1
	error end

Error #35: LEAK 40 direct bytes 0x0049a010-0x0049a038 + 200 indirect bytes
# 0 replace_malloc              (0x003532c0 <libdrmemorylib.1.11.0.dylib+0x312c0>) modid:5
# 1 macierzRazySkalar [/Users/mateusz/Desktop/source.cpp:277] (0x0006e80a <myapp+0x180a>) modid:1
# 2 obliczMacierzHouseholdera [/Users/mateusz/Desktop/source.cpp:296] (0x0006e923 <myapp+0x1923>) modid:1
# 3 znajdzRozkladQR [/Users/mateusz/Desktop/source.cpp:391] (0x0006ed2e <myapp+0x1d2e>) modid:1
# 4 znajdzWektoryIWartosciWlasne [/Users/mateusz/Desktop/source.cpp:408] (0x0006ee3b <myapp+0x1e3b>) modid:1
# 5 zapiszDoTablicyWektoryOrazWartosci [/Users/mateusz/Desktop/source.cpp:423] (0x0006dc3d <myapp+0xc3d>) modid:1
# 6 main  [/Users/mateusz/Desktop/source.cpp:64] (0x0006d9a2 <myapp+0x9a2>) modid:1
	error end

Error #36: POSSIBLE LEAK 48 direct bytes 0x0049a370-0x0049a3a0 + 288 indirect bytes
# 0 replace_malloc              (0x003532c0 <libdrmemorylib.1.11.0.dylib+0x312c0>) modid:5
# 1 macierzKwadratowaOWiekszymWymiarzeZMacierzKwadratwej [/Users/mateusz/Desktop/source.cpp:314] (0x0006ea27 <myapp+0x1a27>) modid:1
# 2 znajdzRozkladQR [/Users/mateusz/Desktop/source.cpp:392] (0x0006ed4d <myapp+0x1d4d>) modid:1
# 3 znajdzWektoryIWartosciWlasne [/Users/mateusz/Desktop/source.cpp:408] (0x0006ee3b <myapp+0x1e3b>) modid:1
# 4 zapiszDoTablicyWektoryOrazWartosci [/Users/mateusz/Desktop/source.cpp:423] (0x0006dc3d <myapp+0xc3d>) modid:1
# 5 main  [/Users/mateusz/Desktop/source.cpp:64] (0x0006d9a2 <myapp+0x9a2>) modid:1
	error end

Error #37: LEAK 48 direct bytes 0x0049a5a0-0x0049a5d0 + 240 indirect bytes
# 0 replace_malloc              (0x003532c0 <libdrmemorylib.1.11.0.dylib+0x312c0>) modid:5
# 1 macierzRazymacierz [/Users/mateusz/Desktop/source.cpp:253] (0x0006e6e6 <myapp+0x16e6>) modid:1
# 2 znajdzRozkladQR [/Users/mateusz/Desktop/source.cpp:393] (0x0006ed6c <myapp+0x1d6c>) modid:1
# 3 znajdzWektoryIWartosciWlasne [/Users/mateusz/Desktop/source.cpp:408] (0x0006ee3b <myapp+0x1e3b>) modid:1
# 4 zapiszDoTablicyWektoryOrazWartosci [/Users/mateusz/Desktop/source.cpp:423] (0x0006dc3d <myapp+0xc3d>) modid:1
# 5 main  [/Users/mateusz/Desktop/source.cpp:64] (0x0006d9a2 <myapp+0x9a2>) modid:1
	error end

Error #38: LEAK 24 direct bytes 0x0049ba88-0x0049baa0 + 72 indirect bytes
# 0 replace_malloc              (0x003532c0 <libdrmemorylib.1.11.0.dylib+0x312c0>) modid:5
# 1 macierzMinusMacierz [/Users/mateusz/Desktop/source.cpp:216] (0x0006e526 <myapp+0x1526>) modid:1
# 2 obliczMacierzHouseholdera [/Users/mateusz/Desktop/source.cpp:296] (0x0006e939 <myapp+0x1939>) modid:1
# 3 znajdzRozkladQR [/Users/mateusz/Desktop/source.cpp:391] (0x0006ed2e <myapp+0x1d2e>) modid:1
# 4 znajdzWektoryIWartosciWlasne [/Users/mateusz/Desktop/source.cpp:408] (0x0006ee3b <myapp+0x1e3b>) modid:1
# 5 zapiszDoTablicyWektoryOrazWartosci [/Users/mateusz/Desktop/source.cpp:423] (0x0006dc3d <myapp+0xc3d>) modid:1
# 6 main  [/Users/mateusz/Desktop/source.cpp:64] (0x0006d9a2 <myapp+0x9a2>) modid:1
	error end

Error #39: LEAK 16 direct bytes 0x0049c258-0x0049c268 + 0 indirect bytes
# 0 replace_malloc              (0x003532c0 <libdrmemorylib.1.11.0.dylib+0x312c0>) modid:5
# 1 wektorRazySkalar [/Users/mateusz/Desktop/source.cpp:121] (0x0006dfa1 <myapp+0xfa1>) modid:1
# 2 obliczWektorU [/Users/mateusz/Desktop/source.cpp:190] (0x0006e399 <myapp+0x1399>) modid:1
# 3 znajdzRozkladQR [/Users/mateusz/Desktop/source.cpp:390] (0x0006ed16 <myapp+0x1d16>) modid:1
# 4 znajdzWektoryIWartosciWlasne [/Users/mateusz/Desktop/source.cpp:408] (0x0006ee3b <myapp+0x1e3b>) modid:1
# 5 zapiszDoTablicyWektoryOrazWartosci [/Users/mateusz/Desktop/source.cpp:423] (0x0006dc3d <myapp+0xc3d>) modid:1
# 6 main  [/Users/mateusz/Desktop/source.cpp:64] (0x0006d9a2 <myapp+0x9a2>) modid:1
	error end

Error #40: LEAK 16 direct bytes 0x0049c2b8-0x0049c2c8 + 0 indirect bytes
# 0 replace_malloc              (0x003532c0 <libdrmemorylib.1.11.0.dylib+0x312c0>) modid:5
# 1 wektorRazySkalar [/Users/mateusz/Desktop/source.cpp:121] (0x0006dfa1 <myapp+0xfa1>) modid:1
# 2 obliczWektorU [/Users/mateusz/Desktop/source.cpp:193] (0x0006e40a <myapp+0x140a>) modid:1
# 3 znajdzRozkladQR [/Users/mateusz/Desktop/source.cpp:390] (0x0006ed16 <myapp+0x1d16>) modid:1
# 4 znajdzWektoryIWartosciWlasne [/Users/mateusz/Desktop/source.cpp:408] (0x0006ee3b <myapp+0x1e3b>) modid:1
# 5 zapiszDoTablicyWektoryOrazWartosci [/Users/mateusz/Desktop/source.cpp:423] (0x0006dc3d <myapp+0xc3d>) modid:1
# 6 main  [/Users/mateusz/Desktop/source.cpp:64] (0x0006d9a2 <myapp+0x9a2>) modid:1
	error end

Error #41: LEAK 16 direct bytes 0x0049c378-0x0049c388 + 32 indirect bytes
# 0 replace_malloc              (0x003532c0 <libdrmemorylib.1.11.0.dylib+0x312c0>) modid:5
# 1 wektorRazyWektorTransponowany [/Users/mateusz/Desktop/source.cpp:198] (0x0006e446 <myapp+0x1446>) modid:1
# 2 obliczMacierzHouseholdera [/Users/mateusz/Desktop/source.cpp:296] (0x0006e903 <myapp+0x1903>) modid:1
# 3 znajdzRozkladQR [/Users/mateusz/Desktop/source.cpp:391] (0x0006ed2e <myapp+0x1d2e>) modid:1
# 4 znajdzWektoryIWartosciWlasne [/Users/mateusz/Desktop/source.cpp:408] (0x0006ee3b <myapp+0x1e3b>) modid:1
# 5 zapiszDoTablicyWektoryOrazWartosci [/Users/mateusz/Desktop/source.cpp:423] (0x0006dc3d <myapp+0xc3d>) modid:1
# 6 main  [/Users/mateusz/Desktop/source.cpp:64] (0x0006d9a2 <myapp+0x9a2>) modid:1
	error end

Error #42: POSSIBLE LEAK 48 direct bytes 0x0049c7a8-0x0049c7d8 + 0 indirect bytes
# 0 replace_malloc              (0x003532c0 <libdrmemorylib.1.11.0.dylib+0x312c0>) modid:5
# 1 macierzRazymacierz [/Users/mateusz/Desktop/source.cpp:256] (0x0006e70a <myapp+0x170a>) modid:1
# 2 znajdzRozkladQR [/Users/mateusz/Desktop/source.cpp:393] (0x0006ed6c <myapp+0x1d6c>) modid:1
# 3 znajdzWektoryIWartosciWlasne [/Users/mateusz/Desktop/source.cpp:408] (0x0006ee3b <myapp+0x1e3b>) modid:1
# 4 zapiszDoTablicyWektoryOrazWartosci [/Users/mateusz/Desktop/source.cpp:423] (0x0006dc3d <myapp+0xc3d>) modid:1
# 5 main  [/Users/mateusz/Desktop/source.cpp:64] (0x0006d9a2 <myapp+0x9a2>) modid:1
	error end

Error #43: LEAK 48 direct bytes 0x0049c7f8-0x0049c828 + 0 indirect bytes
# 0 replace_malloc              (0x003532c0 <libdrmemorylib.1.11.0.dylib+0x312c0>) modid:5
# 1 macierzRazymacierz [/Users/mateusz/Desktop/source.cpp:256] (0x0006e70a <myapp+0x170a>) modid:1
# 2 znajdzRozkladQR [/Users/mateusz/Desktop/source.cpp:393] (0x0006ed6c <myapp+0x1d6c>) modid:1
# 3 znajdzWektoryIWartosciWlasne [/Users/mateusz/Desktop/source.cpp:408] (0x0006ee3b <myapp+0x1e3b>) modid:1
# 4 zapiszDoTablicyWektoryOrazWartosci [/Users/mateusz/Desktop/source.cpp:423] (0x0006dc3d <myapp+0xc3d>) modid:1
# 5 main  [/Users/mateusz/Desktop/source.cpp:64] (0x0006d9a2 <myapp+0x9a2>) modid:1
	error end

Error #44: POSSIBLE LEAK 48 direct bytes 0x0049cc08-0x0049cc38 + 0 indirect bytes
# 0 replace_malloc              (0x003532c0 <libdrmemorylib.1.11.0.dylib+0x312c0>) modid:5
# 1 transponujMacierz [/Users/mateusz/Desktop/source.cpp:365] (0x0006ebe4 <myapp+0x1be4>) modid:1
# 2 znajdzRozkladQR [/Users/mateusz/Desktop/source.cpp:397] (0x0006edb4 <myapp+0x1db4>) modid:1
# 3 znajdzWektoryIWartosciWlasne [/Users/mateusz/Desktop/source.cpp:408] (0x0006ee3b <myapp+0x1e3b>) modid:1
# 4 zapiszDoTablicyWektoryOrazWartosci [/Users/mateusz/Desktop/source.cpp:423] (0x0006dc3d <myapp+0xc3d>) modid:1
# 5 main  [/Users/mateusz/Desktop/source.cpp:64] (0x0006d9a2 <myapp+0x9a2>) modid:1
	error end

Error #45: POSSIBLE LEAK 48 direct bytes 0x0049cde8-0x0049ce18 + 288 indirect bytes
# 0 replace_malloc              (0x003532c0 <libdrmemorylib.1.11.0.dylib+0x312c0>) modid:5
# 1 macierzRazymacierz [/Users/mateusz/Desktop/source.cpp:253] (0x0006e6e6 <myapp+0x16e6>) modid:1
# 2 znajdzWektoryIWartosciWlasne [/Users/mateusz/Desktop/source.cpp:409] (0x0006ee5b <myapp+0x1e5b>) modid:1
# 3 zapiszDoTablicyWektoryOrazWartosci [/Users/mateusz/Desktop/source.cpp:423] (0x0006dc3d <myapp+0xc3d>) modid:1
# 4 main  [/Users/mateusz/Desktop/source.cpp:64] (0x0006d9a2 <myapp+0x9a2>) modid:1
	error end

Error #46: POSSIBLE LEAK 48 direct bytes 0x0049d018-0x0049d048 + 288 indirect bytes
# 0 replace_malloc              (0x003532c0 <libdrmemorylib.1.11.0.dylib+0x312c0>) modid:5
# 1 macierzRazymacierz [/Users/mateusz/Desktop/source.cpp:253] (0x0006e6e6 <myapp+0x16e6>) modid:1
# 2 znajdzWektoryIWartosciWlasne [/Users/mateusz/Desktop/source.cpp:410] (0x0006ee7e <myapp+0x1e7e>) modid:1
# 3 zapiszDoTablicyWektoryOrazWartosci [/Users/mateusz/Desktop/source.cpp:423] (0x0006dc3d <myapp+0xc3d>) modid:1
# 4 main  [/Users/mateusz/Desktop/source.cpp:64] (0x0006d9a2 <myapp+0x9a2>) modid:1
	error end

Error #47: POSSIBLE LEAK 8 direct bytes 0x004aaa60-0x004aaa68 + 624 indirect bytes
# 0 replace_malloc              (0x003532c0 <libdrmemorylib.1.11.0.dylib+0x312c0>) modid:5
# 1 znajdzRozkladQR [/Users/mateusz/Desktop/source.cpp:384] (0x0006eca7 <myapp+0x1ca7>) modid:1
# 2 znajdzWektoryIWartosciWlasne [/Users/mateusz/Desktop/source.cpp:408] (0x0006ee3b <myapp+0x1e3b>) modid:1
# 3 zapiszDoTablicyWektoryOrazWartosci [/Users/mateusz/Desktop/source.cpp:423] (0x0006dc3d <myapp+0xc3d>) modid:1
# 4 main  [/Users/mateusz/Desktop/source.cpp:64] (0x0006d9a2 <myapp+0x9a2>) modid:1
	error end

Error #48: LEAK 48 direct bytes 0x004ac390-0x004ac3c0 + 240 indirect bytes
# 0 replace_malloc              (0x003532c0 <libdrmemorylib.1.11.0.dylib+0x312c0>) modid:5
# 1 macierzKwadratowaOWiekszymWymiarzeZMacierzKwadratwej [/Users/mateusz/Desktop/source.cpp:314] (0x0006ea27 <myapp+0x1a27>) modid:1
# 2 znajdzRozkladQR [/Users/mateusz/Desktop/source.cpp:392] (0x0006ed4d <myapp+0x1d4d>) modid:1
# 3 znajdzWektoryIWartosciWlasne [/Users/mateusz/Desktop/source.cpp:408] (0x0006ee3b <myapp+0x1e3b>) modid:1
# 4 zapiszDoTablicyWektoryOrazWartosci [/Users/mateusz/Desktop/source.cpp:423] (0x0006dc3d <myapp+0xc3d>) modid:1
# 5 main  [/Users/mateusz/Desktop/source.cpp:64] (0x0006d9a2 <myapp+0x9a2>) modid:1
	error end

Error #49: LEAK 48 direct bytes 0x004b35c0-0x004b35f0 + 0 indirect bytes
# 0 replace_malloc              (0x003532c0 <libdrmemorylib.1.11.0.dylib+0x312c0>) modid:5
# 1 transponujMacierz [/Users/mateusz/Desktop/source.cpp:365] (0x0006ebe4 <myapp+0x1be4>) modid:1
# 2 znajdzRozkladQR [/Users/mateusz/Desktop/source.cpp:397] (0x0006edb4 <myapp+0x1db4>) modid:1
# 3 znajdzWektoryIWartosciWlasne [/Users/mateusz/Desktop/source.cpp:408] (0x0006ee3b <myapp+0x1e3b>) modid:1
# 4 zapiszDoTablicyWektoryOrazWartosci [/Users/mateusz/Desktop/source.cpp:423] (0x0006dc3d <myapp+0xc3d>) modid:1
# 5 main  [/Users/mateusz/Desktop/source.cpp:64] (0x0006d9a2 <myapp+0x9a2>) modid:1
	error end

Error #50: LEAK 48 direct bytes 0x004b4948-0x004b4978 + 288 indirect bytes
# 0 replace_malloc              (0x003532c0 <libdrmemorylib.1.11.0.dylib+0x312c0>) modid:5
# 1 macierzRazymacierz [/Users/mateusz/Desktop/source.cpp:253] (0x0006e6e6 <myapp+0x16e6>) modid:1
# 2 znajdzRozkladQR [/Users/mateusz/Desktop/source.cpp:394] (0x0006ed8d <myapp+0x1d8d>) modid:1
# 3 znajdzWektoryIWartosciWlasne [/Users/mateusz/Desktop/source.cpp:408] (0x0006ee3b <myapp+0x1e3b>) modid:1
# 4 zapiszDoTablicyWektoryOrazWartosci [/Users/mateusz/Desktop/source.cpp:423] (0x0006dc3d <myapp+0xc3d>) modid:1
# 5 main  [/Users/mateusz/Desktop/source.cpp:64] (0x0006d9a2 <myapp+0x9a2>) modid:1
	error end

Error #51: LEAK 48 direct bytes 0x004b7e18-0x004b7e48 + 288 indirect bytes
# 0 replace_malloc              (0x003532c0 <libdrmemorylib.1.11.0.dylib+0x312c0>) modid:5
# 1 macierzRazymacierz [/Users/mateusz/Desktop/source.cpp:253] (0x0006e6e6 <myapp+0x16e6>) modid:1
# 2 znajdzWektoryIWartosciWlasne [/Users/mateusz/Desktop/source.cpp:409] (0x0006ee5b <myapp+0x1e5b>) modid:1
# 3 zapiszDoTablicyWektoryOrazWartosci [/Users/mateusz/Desktop/source.cpp:423] (0x0006dc3d <myapp+0xc3d>) modid:1
# 4 main  [/Users/mateusz/Desktop/source.cpp:64] (0x0006d9a2 <myapp+0x9a2>) modid:1
	error end

Error #52: LEAK 48 direct bytes 0x004c12b0-0x004c12e0 + 240 indirect bytes
# 0 replace_malloc              (0x003532c0 <libdrmemorylib.1.11.0.dylib+0x312c0>) modid:5
# 1 wygenerujMacierzJedynkowa [/Users/mateusz/Desktop/source.cpp:234] (0x0006e603 <myapp+0x1603>) modid:1
# 2 znajdzRozkladQR [/Users/mateusz/Desktop/source.cpp:386] (0x0006ecbe <myapp+0x1cbe>) modid:1
# 3 znajdzWektoryIWartosciWlasne [/Users/mateusz/Desktop/source.cpp:408] (0x0006ee3b <myapp+0x1e3b>) modid:1
# 4 zapiszDoTablicyWektoryOrazWartosci [/Users/mateusz/Desktop/source.cpp:423] (0x0006dc3d <myapp+0xc3d>) modid:1
# 5 main  [/Users/mateusz/Desktop/source.cpp:64] (0x0006d9a2 <myapp+0x9a2>) modid:1
	error end

Error #53: LEAK 48 direct bytes 0x004d3078-0x004d30a8 + 288 indirect bytes
# 0 replace_malloc              (0x003532c0 <libdrmemorylib.1.11.0.dylib+0x312c0>) modid:5
# 1 macierzRazymacierz [/Users/mateusz/Desktop/source.cpp:253] (0x0006e6e6 <myapp+0x16e6>) modid:1
# 2 znajdzWektoryIWartosciWlasne [/Users/mateusz/Desktop/source.cpp:410] (0x0006ee7e <myapp+0x1e7e>) modid:1
# 3 zapiszDoTablicyWektoryOrazWartosci [/Users/mateusz/Desktop/source.cpp:423] (0x0006dc3d <myapp+0xc3d>) modid:1
# 4 main  [/Users/mateusz/Desktop/source.cpp:64] (0x0006d9a2 <myapp+0x9a2>) modid:1
	error end

Reached maximum leak report limit (-report_leak_max). No further leaks will be reported.

DUPLICATE ERROR COUNTS:
	Error #   1:    446
	Error #   3:      3
	Error #   4:      2
	Error #   5:      2
	Error #   6:      3
	Error #   7:      3
	Error #   8:      2
	Error #   9:      3
	Error #  10:      3
	Error #  11:      4
	Error #  12:      3
	Error #  13:      2
	Error #  15:      2
	Error #  16:      2
	Error #  18:    226
	Error #  24:    110
	Error #  25:    117
	Error #  26:    227
	Error #  27:    445
	Error #  28:    449
	Error #  29:    455
	Error #  30:    427
	Error #  31:    444
	Error #  32:    435
	Error #  33:    471
	Error #  34:    598
	Error #  35:    231
	Error #  36:    472
	Error #  37:     69
	Error #  38:    240
	Error #  39:    230
	Error #  40:    223
	Error #  41:    247
	Error #  42:    549
	Error #  43:     74
	Error #  44:    540
	Error #  45:    111
	Error #  46:    120
	Error #  47:     25
	Error #  48:     68
	Error #  49:     57
	Error #  50:     78
	Error #  51:     20
	Error #  52:     19
	Error #  53:     14

SUPPRESSIONS USED:

ERRORS FOUND:
      0 unique,     0 total unaddressable access(es)
      0 unique,     0 total uninitialized access(es)
      0 unique,     0 total invalid heap argument(s)
      0 unique,     0 total warning(s)
     24 unique,  2146 total, 243424 byte(s) of leak(s)
     29 unique,  6133 total, 1085792 byte(s) of possible leak(s)
ERRORS IGNORED:
      0 ignored assumed-innocuous system leak(s)
     40 unique,  1721 total,  77284 byte(s) of still-reachable allocation(s)
         (re-run with "-show_reachable" for details)
   4582 leak(s) beyond -report_leak_max
Details: /Users/mateusz/Downloads/DrMemory-MacOS-1.11.0-2/drmemory/logs/DrMemory-myapp.1076.000/results.txt

DUPLICATE POTENTIAL ERROR COUNTS:

POTENTIAL ERRORS FOUND:
      0 unique,     0 total potential unaddressable access(es)
      0 unique,     0 total potential uninitialized access(es)
      0 unique,     0 total potential invalid heap argument(s)
      0 unique,     0 total potential warning(s)
      0 unique,     0 total,      0 byte(s) of potential leak(s)
      0 unique,     0 total,      0 byte(s) of potential possible leak(s)
Details: /Users/mateusz/Downloads/DrMemory-MacOS-1.11.0-2/drmemory/logs/DrMemory-myapp.1076.000/potential_errors.txt
Exiting ø0:00:00.000 in thread 24706
LOG END
